<?xml version="1.0" encoding="UTF-8"?>
<testsuite name="com.example.redis.service.ProductQuantityServiceTest" tests="1" skipped="0" failures="1" errors="0" timestamp="2022-03-23T05:18:08" hostname="LFui-MacBookPro.local" time="1.383">
  <properties/>
  <testcase name="대량건의 제고증가 테스트" classname="com.example.redis.service.ProductQuantityServiceTest" time="1.383">
    <failure message="org.opentest4j.AssertionFailedError: &#10;expected: 1000L&#10; but was: 1120L" type="org.opentest4j.AssertionFailedError">org.opentest4j.AssertionFailedError: 
expected: 1000L
 but was: 1120L
	at java.base@17.0.2/jdk.internal.reflect.NativeConstructorAccessorImpl.newInstance0(Native Method)
	at java.base@17.0.2/jdk.internal.reflect.NativeConstructorAccessorImpl.newInstance(NativeConstructorAccessorImpl.java:77)
	at java.base@17.0.2/jdk.internal.reflect.DelegatingConstructorAccessorImpl.newInstance(DelegatingConstructorAccessorImpl.java:45)
	at java.base@17.0.2/java.lang.reflect.Constructor.newInstanceWithCaller(Constructor.java:499)
	at app//com.example.redis.service.ProductQuantityServiceTest.procBuyIncrement_multiTest(ProductQuantityServiceTest.java:114)
	at java.base@17.0.2/jdk.internal.reflect.NativeMethodAccessorImpl.invoke0(Native Method)
	at java.base@17.0.2/jdk.internal.reflect.NativeMethodAccessorImpl.invoke(NativeMethodAccessorImpl.java:77)
	at java.base@17.0.2/jdk.internal.reflect.DelegatingMethodAccessorImpl.invoke(DelegatingMethodAccessorImpl.java:43)
	at java.base@17.0.2/java.lang.reflect.Method.invoke(Method.java:568)
	at app//org.junit.platform.commons.util.ReflectionUtils.invokeMethod(ReflectionUtils.java:725)
	at app//org.junit.jupiter.engine.execution.MethodInvocation.proceed(MethodInvocation.java:60)
	at app//org.junit.jupiter.engine.execution.InvocationInterceptorChain$ValidatingInvocation.proceed(InvocationInterceptorChain.java:131)
	at app//org.junit.jupiter.engine.extension.TimeoutExtension.intercept(TimeoutExtension.java:149)
	at app//org.junit.jupiter.engine.extension.TimeoutExtension.interceptTestableMethod(TimeoutExtension.java:140)
	at app//org.junit.jupiter.engine.extension.TimeoutExtension.interceptTestMethod(TimeoutExtension.java:84)
	at app//org.junit.jupiter.engine.execution.ExecutableInvoker$ReflectiveInterceptorCall.lambda$ofVoidMethod$0(ExecutableInvoker.java:115)
	at app//org.junit.jupiter.engine.execution.ExecutableInvoker.lambda$invoke$0(ExecutableInvoker.java:105)
	at app//org.junit.jupiter.engine.execution.InvocationInterceptorChain$InterceptedInvocation.proceed(InvocationInterceptorChain.java:106)
	at app//org.junit.jupiter.engine.execution.InvocationInterceptorChain.proceed(InvocationInterceptorChain.java:64)
	at app//org.junit.jupiter.engine.execution.InvocationInterceptorChain.chainAndInvoke(InvocationInterceptorChain.java:45)
	at app//org.junit.jupiter.engine.execution.InvocationInterceptorChain.invoke(InvocationInterceptorChain.java:37)
	at app//org.junit.jupiter.engine.execution.ExecutableInvoker.invoke(ExecutableInvoker.java:104)
	at app//org.junit.jupiter.engine.execution.ExecutableInvoker.invoke(ExecutableInvoker.java:98)
	at app//org.junit.jupiter.engine.descriptor.TestMethodTestDescriptor.lambda$invokeTestMethod$7(TestMethodTestDescriptor.java:214)
	at app//org.junit.platform.engine.support.hierarchical.ThrowableCollector.execute(ThrowableCollector.java:73)
	at app//org.junit.jupiter.engine.descriptor.TestMethodTestDescriptor.invokeTestMethod(TestMethodTestDescriptor.java:210)
	at app//org.junit.jupiter.engine.descriptor.TestMethodTestDescriptor.execute(TestMethodTestDescriptor.java:135)
	at app//org.junit.jupiter.engine.descriptor.TestMethodTestDescriptor.execute(TestMethodTestDescriptor.java:66)
	at app//org.junit.platform.engine.support.hierarchical.NodeTestTask.lambda$executeRecursively$6(NodeTestTask.java:151)
	at app//org.junit.platform.engine.support.hierarchical.ThrowableCollector.execute(ThrowableCollector.java:73)
	at app//org.junit.platform.engine.support.hierarchical.NodeTestTask.lambda$executeRecursively$8(NodeTestTask.java:141)
	at app//org.junit.platform.engine.support.hierarchical.Node.around(Node.java:137)
	at app//org.junit.platform.engine.support.hierarchical.NodeTestTask.lambda$executeRecursively$9(NodeTestTask.java:139)
	at app//org.junit.platform.engine.support.hierarchical.ThrowableCollector.execute(ThrowableCollector.java:73)
	at app//org.junit.platform.engine.support.hierarchical.NodeTestTask.executeRecursively(NodeTestTask.java:138)
	at app//org.junit.platform.engine.support.hierarchical.NodeTestTask.execute(NodeTestTask.java:95)
	at java.base@17.0.2/java.util.ArrayList.forEach(ArrayList.java:1511)
	at app//org.junit.platform.engine.support.hierarchical.SameThreadHierarchicalTestExecutorService.invokeAll(SameThreadHierarchicalTestExecutorService.java:41)
	at app//org.junit.platform.engine.support.hierarchical.NodeTestTask.lambda$executeRecursively$6(NodeTestTask.java:155)
	at app//org.junit.platform.engine.support.hierarchical.ThrowableCollector.execute(ThrowableCollector.java:73)
	at app//org.junit.platform.engine.support.hierarchical.NodeTestTask.lambda$executeRecursively$8(NodeTestTask.java:141)
	at app//org.junit.platform.engine.support.hierarchical.Node.around(Node.java:137)
	at app//org.junit.platform.engine.support.hierarchical.NodeTestTask.lambda$executeRecursively$9(NodeTestTask.java:139)
	at app//org.junit.platform.engine.support.hierarchical.ThrowableCollector.execute(ThrowableCollector.java:73)
	at app//org.junit.platform.engine.support.hierarchical.NodeTestTask.executeRecursively(NodeTestTask.java:138)
	at app//org.junit.platform.engine.support.hierarchical.NodeTestTask.execute(NodeTestTask.java:95)
	at java.base@17.0.2/java.util.ArrayList.forEach(ArrayList.java:1511)
	at app//org.junit.platform.engine.support.hierarchical.SameThreadHierarchicalTestExecutorService.invokeAll(SameThreadHierarchicalTestExecutorService.java:41)
	at app//org.junit.platform.engine.support.hierarchical.NodeTestTask.lambda$executeRecursively$6(NodeTestTask.java:155)
	at app//org.junit.platform.engine.support.hierarchical.ThrowableCollector.execute(ThrowableCollector.java:73)
	at app//org.junit.platform.engine.support.hierarchical.NodeTestTask.lambda$executeRecursively$8(NodeTestTask.java:141)
	at app//org.junit.platform.engine.support.hierarchical.Node.around(Node.java:137)
	at app//org.junit.platform.engine.support.hierarchical.NodeTestTask.lambda$executeRecursively$9(NodeTestTask.java:139)
	at app//org.junit.platform.engine.support.hierarchical.ThrowableCollector.execute(ThrowableCollector.java:73)
	at app//org.junit.platform.engine.support.hierarchical.NodeTestTask.executeRecursively(NodeTestTask.java:138)
	at app//org.junit.platform.engine.support.hierarchical.NodeTestTask.execute(NodeTestTask.java:95)
	at app//org.junit.platform.engine.support.hierarchical.SameThreadHierarchicalTestExecutorService.submit(SameThreadHierarchicalTestExecutorService.java:35)
	at app//org.junit.platform.engine.support.hierarchical.HierarchicalTestExecutor.execute(HierarchicalTestExecutor.java:57)
	at app//org.junit.platform.engine.support.hierarchical.HierarchicalTestEngine.execute(HierarchicalTestEngine.java:54)
	at org.junit.platform.launcher.core.EngineExecutionOrchestrator.execute(EngineExecutionOrchestrator.java:108)
	at org.junit.platform.launcher.core.EngineExecutionOrchestrator.execute(EngineExecutionOrchestrator.java:88)
	at org.junit.platform.launcher.core.EngineExecutionOrchestrator.lambda$execute$0(EngineExecutionOrchestrator.java:54)
	at org.junit.platform.launcher.core.EngineExecutionOrchestrator.withInterceptedStreams(EngineExecutionOrchestrator.java:67)
	at org.junit.platform.launcher.core.EngineExecutionOrchestrator.execute(EngineExecutionOrchestrator.java:52)
	at org.junit.platform.launcher.core.DefaultLauncher.execute(DefaultLauncher.java:96)
	at org.junit.platform.launcher.core.DefaultLauncher.execute(DefaultLauncher.java:75)
	at org.gradle.api.internal.tasks.testing.junitplatform.JUnitPlatformTestClassProcessor$CollectAllTestClassesExecutor.processAllTestClasses(JUnitPlatformTestClassProcessor.java:99)
	at org.gradle.api.internal.tasks.testing.junitplatform.JUnitPlatformTestClassProcessor$CollectAllTestClassesExecutor.access$000(JUnitPlatformTestClassProcessor.java:79)
	at org.gradle.api.internal.tasks.testing.junitplatform.JUnitPlatformTestClassProcessor.stop(JUnitPlatformTestClassProcessor.java:75)
	at org.gradle.api.internal.tasks.testing.SuiteTestClassProcessor.stop(SuiteTestClassProcessor.java:61)
	at java.base@17.0.2/jdk.internal.reflect.NativeMethodAccessorImpl.invoke0(Native Method)
	at java.base@17.0.2/jdk.internal.reflect.NativeMethodAccessorImpl.invoke(NativeMethodAccessorImpl.java:77)
	at java.base@17.0.2/jdk.internal.reflect.DelegatingMethodAccessorImpl.invoke(DelegatingMethodAccessorImpl.java:43)
	at java.base@17.0.2/java.lang.reflect.Method.invoke(Method.java:568)
	at org.gradle.internal.dispatch.ReflectionDispatch.dispatch(ReflectionDispatch.java:36)
	at org.gradle.internal.dispatch.ReflectionDispatch.dispatch(ReflectionDispatch.java:24)
	at org.gradle.internal.dispatch.ContextClassLoaderDispatch.dispatch(ContextClassLoaderDispatch.java:33)
	at org.gradle.internal.dispatch.ProxyDispatchAdapter$DispatchingInvocationHandler.invoke(ProxyDispatchAdapter.java:94)
	at jdk.proxy1/jdk.proxy1.$Proxy2.stop(Unknown Source)
	at org.gradle.api.internal.tasks.testing.worker.TestWorker$3.run(TestWorker.java:193)
	at org.gradle.api.internal.tasks.testing.worker.TestWorker.executeAndMaintainThreadName(TestWorker.java:129)
	at org.gradle.api.internal.tasks.testing.worker.TestWorker.execute(TestWorker.java:100)
	at org.gradle.api.internal.tasks.testing.worker.TestWorker.execute(TestWorker.java:60)
	at org.gradle.process.internal.worker.child.ActionExecutionWorker.execute(ActionExecutionWorker.java:56)
	at org.gradle.process.internal.worker.child.SystemApplicationClassLoaderWorker.call(SystemApplicationClassLoaderWorker.java:133)
	at org.gradle.process.internal.worker.child.SystemApplicationClassLoaderWorker.call(SystemApplicationClassLoaderWorker.java:71)
	at app//worker.org.gradle.process.internal.worker.GradleWorkerMain.run(GradleWorkerMain.java:69)
	at app//worker.org.gradle.process.internal.worker.GradleWorkerMain.main(GradleWorkerMain.java:74)
</failure>
  </testcase>
  <system-out><![CDATA[14:18:06.397 [Test worker] DEBUG org.springframework.test.context.BootstrapUtils - Instantiating CacheAwareContextLoaderDelegate from class [org.springframework.test.context.cache.DefaultCacheAwareContextLoaderDelegate]
14:18:06.401 [Test worker] DEBUG org.springframework.test.context.BootstrapUtils - Instantiating BootstrapContext using constructor [public org.springframework.test.context.support.DefaultBootstrapContext(java.lang.Class,org.springframework.test.context.CacheAwareContextLoaderDelegate)]
14:18:06.414 [Test worker] DEBUG org.springframework.test.context.BootstrapUtils - Instantiating TestContextBootstrapper for test class [com.example.redis.service.ProductQuantityServiceTest] from class [org.springframework.boot.test.context.SpringBootTestContextBootstrapper]
14:18:06.418 [Test worker] INFO org.springframework.boot.test.context.SpringBootTestContextBootstrapper - Neither @ContextConfiguration nor @ContextHierarchy found for test class [com.example.redis.service.ProductQuantityServiceTest], using SpringBootContextLoader
14:18:06.420 [Test worker] DEBUG org.springframework.test.context.support.AbstractContextLoader - Did not detect default resource location for test class [com.example.redis.service.ProductQuantityServiceTest]: class path resource [com/example/redis/service/ProductQuantityServiceTest-context.xml] does not exist
14:18:06.420 [Test worker] DEBUG org.springframework.test.context.support.AbstractContextLoader - Did not detect default resource location for test class [com.example.redis.service.ProductQuantityServiceTest]: class path resource [com/example/redis/service/ProductQuantityServiceTestContext.groovy] does not exist
14:18:06.420 [Test worker] INFO org.springframework.test.context.support.AbstractContextLoader - Could not detect default resource locations for test class [com.example.redis.service.ProductQuantityServiceTest]: no resource found for suffixes {-context.xml, Context.groovy}.
14:18:06.420 [Test worker] INFO org.springframework.test.context.support.AnnotationConfigContextLoaderUtils - Could not detect default configuration classes for test class [com.example.redis.service.ProductQuantityServiceTest]: ProductQuantityServiceTest does not declare any static, non-private, non-final, nested classes annotated with @Configuration.
14:18:06.439 [Test worker] DEBUG org.springframework.test.context.support.ActiveProfilesUtils - Could not find an 'annotation declaring class' for annotation type [org.springframework.test.context.ActiveProfiles] and class [com.example.redis.service.ProductQuantityServiceTest]
14:18:06.464 [Test worker] DEBUG org.springframework.context.annotation.ClassPathScanningCandidateComponentProvider - Identified candidate component class: file [/Users/lf/Works/demo/redis/build/classes/java/main/com/example/redis/RedisApplication.class]
14:18:06.465 [Test worker] INFO org.springframework.boot.test.context.SpringBootTestContextBootstrapper - Found @SpringBootConfiguration com.example.redis.RedisApplication for test class com.example.redis.service.ProductQuantityServiceTest
14:18:06.497 [Test worker] DEBUG org.springframework.boot.test.context.SpringBootTestContextBootstrapper - @TestExecutionListeners is not present for class [com.example.redis.service.ProductQuantityServiceTest]: using defaults.
14:18:06.497 [Test worker] INFO org.springframework.boot.test.context.SpringBootTestContextBootstrapper - Loaded default TestExecutionListener class names from location [META-INF/spring.factories]: [org.springframework.boot.test.autoconfigure.restdocs.RestDocsTestExecutionListener, org.springframework.boot.test.autoconfigure.web.client.MockRestServiceServerResetTestExecutionListener, org.springframework.boot.test.autoconfigure.web.servlet.MockMvcPrintOnlyOnFailureTestExecutionListener, org.springframework.boot.test.autoconfigure.web.servlet.WebDriverTestExecutionListener, org.springframework.boot.test.autoconfigure.webservices.client.MockWebServiceServerTestExecutionListener, org.springframework.boot.test.mock.mockito.MockitoTestExecutionListener, org.springframework.boot.test.mock.mockito.ResetMocksTestExecutionListener, org.springframework.test.context.web.ServletTestExecutionListener, org.springframework.test.context.support.DirtiesContextBeforeModesTestExecutionListener, org.springframework.test.context.event.ApplicationEventsTestExecutionListener, org.springframework.test.context.support.DependencyInjectionTestExecutionListener, org.springframework.test.context.support.DirtiesContextTestExecutionListener, org.springframework.test.context.transaction.TransactionalTestExecutionListener, org.springframework.test.context.jdbc.SqlScriptsTestExecutionListener, org.springframework.test.context.event.EventPublishingTestExecutionListener]
14:18:06.506 [Test worker] INFO org.springframework.boot.test.context.SpringBootTestContextBootstrapper - Using TestExecutionListeners: [org.springframework.test.context.web.ServletTestExecutionListener@6731787b, org.springframework.test.context.support.DirtiesContextBeforeModesTestExecutionListener@16f7b4af, org.springframework.test.context.event.ApplicationEventsTestExecutionListener@7adf16aa, org.springframework.boot.test.mock.mockito.MockitoTestExecutionListener@34a1d21f, org.springframework.boot.test.autoconfigure.SpringBootDependencyInjectionTestExecutionListener@58bf8650, org.springframework.test.context.support.DirtiesContextTestExecutionListener@73c60324, org.springframework.test.context.transaction.TransactionalTestExecutionListener@71ae31b0, org.springframework.test.context.jdbc.SqlScriptsTestExecutionListener@4ba534b0, org.springframework.test.context.event.EventPublishingTestExecutionListener@6f0ca692, org.springframework.boot.test.autoconfigure.restdocs.RestDocsTestExecutionListener@2c104774, org.springframework.boot.test.autoconfigure.web.client.MockRestServiceServerResetTestExecutionListener@2cb3d0f7, org.springframework.boot.test.autoconfigure.web.servlet.MockMvcPrintOnlyOnFailureTestExecutionListener@4e517165, org.springframework.boot.test.autoconfigure.web.servlet.WebDriverTestExecutionListener@44e3760b, org.springframework.boot.test.autoconfigure.webservices.client.MockWebServiceServerTestExecutionListener@6a66a204, org.springframework.boot.test.mock.mockito.ResetMocksTestExecutionListener@5860f3d7]
14:18:06.508 [Test worker] DEBUG org.springframework.test.context.support.AbstractDirtiesContextTestExecutionListener - Before test class: context [DefaultTestContext@46f699d5 testClass = ProductQuantityServiceTest, testInstance = [null], testMethod = [null], testException = [null], mergedContextConfiguration = [WebMergedContextConfiguration@18518ccf testClass = ProductQuantityServiceTest, locations = '{}', classes = '{class com.example.redis.RedisApplication}', contextInitializerClasses = '[]', activeProfiles = '{}', propertySourceLocations = '{}', propertySourceProperties = '{org.springframework.boot.test.context.SpringBootTestContextBootstrapper=true}', contextCustomizers = set[org.springframework.boot.test.autoconfigure.actuate.metrics.MetricsExportContextCustomizerFactory$DisableMetricExportContextCustomizer@539d019, org.springframework.boot.test.autoconfigure.properties.PropertyMappingContextCustomizer@0, org.springframework.boot.test.autoconfigure.web.servlet.WebDriverContextCustomizerFactory$Customizer@72437d8d, org.springframework.boot.test.context.filter.ExcludeFilterContextCustomizer@29a0cdb, org.springframework.boot.test.json.DuplicateJsonObjectContextCustomizerFactory$DuplicateJsonObjectContextCustomizer@6eb2384f, org.springframework.boot.test.mock.mockito.MockitoContextCustomizer@0, org.springframework.boot.test.web.client.TestRestTemplateContextCustomizer@63787180, org.springframework.boot.test.context.SpringBootTestArgs@1, org.springframework.boot.test.context.SpringBootTestWebEnvironment@1356d4d4], resourceBasePath = 'src/main/webapp', contextLoader = 'org.springframework.boot.test.context.SpringBootContextLoader', parent = [null]], attributes = map['org.springframework.test.context.web.ServletTestExecutionListener.activateListener' -> true]], class annotated with @DirtiesContext [false] with mode [null].

  .   ____          _            __ _ _
 /\\ / ___'_ __ _ _(_)_ __  __ _ \ \ \ \
( ( )\___ | '_ | '_| | '_ \/ _` | \ \ \ \
 \\/  ___)| |_)| | | | | || (_| |  ) ) ) )
  '  |____| .__|_| |_|_| |_\__, | / / / /
 =========|_|==============|___/=/_/_/_/
 :: Spring Boot ::                (v2.6.4)

2022-03-23 14:18:06.640  INFO 43505 --- [    Test worker] c.e.r.s.ProductQuantityServiceTest       : Starting ProductQuantityServiceTest using Java 17.0.2 on LFui-MacBookPro.local with PID 43505 (started by lf in /Users/lf/Works/demo/redis)
2022-03-23 14:18:06.640  INFO 43505 --- [    Test worker] c.e.r.s.ProductQuantityServiceTest       : No active profile set, falling back to 1 default profile: "default"
2022-03-23 14:18:06.916  INFO 43505 --- [    Test worker] .s.d.r.c.RepositoryConfigurationDelegate : Multiple Spring Data modules found, entering strict repository configuration mode!
2022-03-23 14:18:06.917  INFO 43505 --- [    Test worker] .s.d.r.c.RepositoryConfigurationDelegate : Bootstrapping Spring Data Redis repositories in DEFAULT mode.
2022-03-23 14:18:06.984  INFO 43505 --- [    Test worker] .s.d.r.c.RepositoryConfigurationDelegate : Finished Spring Data repository scanning in 60 ms. Found 1 Redis repository interfaces.
2022-03-23 14:18:07.080  INFO 43505 --- [    Test worker] .s.d.r.c.RepositoryConfigurationDelegate : Multiple Spring Data modules found, entering strict repository configuration mode!
2022-03-23 14:18:07.081  INFO 43505 --- [    Test worker] .s.d.r.c.RepositoryConfigurationDelegate : Bootstrapping Spring Data JPA repositories in DEFAULT mode.
2022-03-23 14:18:07.087  INFO 43505 --- [    Test worker] .RepositoryConfigurationExtensionSupport : Spring Data JPA - Could not safely identify store assignment for repository candidate interface com.example.redis.repository.AvailablePointRedisRepository. If you want this repository to be a JPA repository, consider annotating your entities with one of these annotations: javax.persistence.Entity, javax.persistence.MappedSuperclass (preferred), or consider extending one of the following types with your repository: org.springframework.data.jpa.repository.JpaRepository.
2022-03-23 14:18:07.087  INFO 43505 --- [    Test worker] .s.d.r.c.RepositoryConfigurationDelegate : Finished Spring Data repository scanning in 4 ms. Found 0 JPA repository interfaces.
2022-03-23 14:18:07.331  INFO 43505 --- [    Test worker] com.zaxxer.hikari.HikariDataSource       : HikariPool-1 - Starting...
2022-03-23 14:18:07.549  INFO 43505 --- [    Test worker] com.zaxxer.hikari.HikariDataSource       : HikariPool-1 - Start completed.
2022-03-23 14:18:07.578  INFO 43505 --- [    Test worker] o.hibernate.jpa.internal.util.LogHelper  : HHH000204: Processing PersistenceUnitInfo [name: default]
2022-03-23 14:18:07.607  INFO 43505 --- [    Test worker] org.hibernate.Version                    : HHH000412: Hibernate ORM core version 5.6.5.Final
2022-03-23 14:18:07.692  INFO 43505 --- [    Test worker] o.hibernate.annotations.common.Version   : HCANN000001: Hibernate Commons Annotations {5.1.2.Final}
2022-03-23 14:18:07.754  INFO 43505 --- [    Test worker] org.hibernate.dialect.Dialect            : HHH000400: Using dialect: org.hibernate.dialect.MySQL8Dialect
2022-03-23 14:18:07.842  INFO 43505 --- [    Test worker] o.h.e.t.j.p.i.JtaPlatformInitiator       : HHH000490: Using JtaPlatform implementation: [org.hibernate.engine.transaction.jta.platform.internal.NoJtaPlatform]
2022-03-23 14:18:07.846  INFO 43505 --- [    Test worker] j.LocalContainerEntityManagerFactoryBean : Initialized JPA EntityManagerFactory for persistence unit 'default'
2022-03-23 14:18:08.158  WARN 43505 --- [    Test worker] JpaBaseConfiguration$JpaWebConfiguration : spring.jpa.open-in-view is enabled by default. Therefore, database queries may be performed during view rendering. Explicitly configure spring.jpa.open-in-view to disable this warning
2022-03-23 14:18:08.529  INFO 43505 --- [    Test worker] c.e.r.s.ProductQuantityServiceTest       : Started ProductQuantityServiceTest in 2.003 seconds (JVM running for 2.501)
2022-03-23 14:18:08.853  INFO 43505 --- [pool-2-thread-4] c.e.r.service.ProductQuantityService     : pool-2-thread-4-stockedQuantity:0
2022-03-23 14:18:08.853  INFO 43505 --- [pool-2-thread-3] c.e.r.service.ProductQuantityService     : pool-2-thread-3-stockedQuantity:0
2022-03-23 14:18:08.853  INFO 43505 --- [ool-2-thread-26] c.e.r.service.ProductQuantityService     : pool-2-thread-26-stockedQuantity:0
2022-03-23 14:18:08.853  INFO 43505 --- [pool-2-thread-9] c.e.r.service.ProductQuantityService     : pool-2-thread-9-stockedQuantity:0
2022-03-23 14:18:08.853  INFO 43505 --- [ool-2-thread-22] c.e.r.service.ProductQuantityService     : pool-2-thread-22-stockedQuantity:0
2022-03-23 14:18:08.853  INFO 43505 --- [ool-2-thread-23] c.e.r.service.ProductQuantityService     : pool-2-thread-23-stockedQuantity:0
2022-03-23 14:18:08.853  INFO 43505 --- [ool-2-thread-16] c.e.r.service.ProductQuantityService     : pool-2-thread-16-stockedQuantity:0
2022-03-23 14:18:08.853  INFO 43505 --- [ool-2-thread-24] c.e.r.service.ProductQuantityService     : pool-2-thread-24-stockedQuantity:0
2022-03-23 14:18:08.854  INFO 43505 --- [ool-2-thread-17] c.e.r.service.ProductQuantityService     : pool-2-thread-17-stockedQuantity:0
2022-03-23 14:18:08.854  INFO 43505 --- [ool-2-thread-20] c.e.r.service.ProductQuantityService     : pool-2-thread-20-stockedQuantity:0
2022-03-23 14:18:08.854  INFO 43505 --- [ool-2-thread-12] c.e.r.service.ProductQuantityService     : pool-2-thread-12-stockedQuantity:0
2022-03-23 14:18:08.854  INFO 43505 --- [ool-2-thread-11] c.e.r.service.ProductQuantityService     : pool-2-thread-11-stockedQuantity:0
2022-03-23 14:18:08.854  INFO 43505 --- [ool-2-thread-21] c.e.r.service.ProductQuantityService     : pool-2-thread-21-stockedQuantity:0
2022-03-23 14:18:08.854  INFO 43505 --- [ool-2-thread-28] c.e.r.service.ProductQuantityService     : pool-2-thread-28-stockedQuantity:0
2022-03-23 14:18:08.854  INFO 43505 --- [ool-2-thread-10] c.e.r.service.ProductQuantityService     : pool-2-thread-10-stockedQuantity:0
2022-03-23 14:18:08.853  INFO 43505 --- [ool-2-thread-29] c.e.r.service.ProductQuantityService     : pool-2-thread-29-stockedQuantity:0
2022-03-23 14:18:08.853  INFO 43505 --- [ool-2-thread-30] c.e.r.service.ProductQuantityService     : pool-2-thread-30-stockedQuantity:0
2022-03-23 14:18:08.853  INFO 43505 --- [pool-2-thread-8] c.e.r.service.ProductQuantityService     : pool-2-thread-8-stockedQuantity:0
2022-03-23 14:18:08.853  INFO 43505 --- [pool-2-thread-5] c.e.r.service.ProductQuantityService     : pool-2-thread-5-stockedQuantity:0
2022-03-23 14:18:08.853  INFO 43505 --- [pool-2-thread-7] c.e.r.service.ProductQuantityService     : pool-2-thread-7-stockedQuantity:0
2022-03-23 14:18:08.853  INFO 43505 --- [ool-2-thread-14] c.e.r.service.ProductQuantityService     : pool-2-thread-14-stockedQuantity:0
2022-03-23 14:18:08.854  INFO 43505 --- [pool-2-thread-6] c.e.r.service.ProductQuantityService     : pool-2-thread-6-stockedQuantity:0
2022-03-23 14:18:08.855  INFO 43505 --- [ool-2-thread-25] c.e.r.service.ProductQuantityService     : pool-2-thread-25-stockedQuantity:0
2022-03-23 14:18:08.855  INFO 43505 --- [ool-2-thread-15] c.e.r.service.ProductQuantityService     : pool-2-thread-15-stockedQuantity:0
2022-03-23 14:18:08.854  INFO 43505 --- [ool-2-thread-27] c.e.r.service.ProductQuantityService     : pool-2-thread-27-stockedQuantity:0
2022-03-23 14:18:08.854  INFO 43505 --- [ool-2-thread-19] c.e.r.service.ProductQuantityService     : pool-2-thread-19-stockedQuantity:0
2022-03-23 14:18:08.856  INFO 43505 --- [pool-2-thread-9] c.e.r.service.ProductQuantityService     : pool-2-thread-9-resVal:30
2022-03-23 14:18:08.856  INFO 43505 --- [pool-2-thread-3] c.e.r.service.ProductQuantityService     : pool-2-thread-3-resVal:20
2022-03-23 14:18:08.856  INFO 43505 --- [ool-2-thread-26] c.e.r.service.ProductQuantityService     : pool-2-thread-26-resVal:40
2022-03-23 14:18:08.856  INFO 43505 --- [ool-2-thread-22] c.e.r.service.ProductQuantityService     : pool-2-thread-22-resVal:50
2022-03-23 14:18:08.856  INFO 43505 --- [ool-2-thread-16] c.e.r.service.ProductQuantityService     : pool-2-thread-16-resVal:70
2022-03-23 14:18:08.854  INFO 43505 --- [ool-2-thread-18] c.e.r.service.ProductQuantityService     : pool-2-thread-18-stockedQuantity:0
2022-03-23 14:18:08.854  INFO 43505 --- [pool-2-thread-2] c.e.r.service.ProductQuantityService     : pool-2-thread-2-stockedQuantity:0
2022-03-23 14:18:08.854  INFO 43505 --- [ool-2-thread-13] c.e.r.service.ProductQuantityService     : pool-2-thread-13-stockedQuantity:0
2022-03-23 14:18:08.856  INFO 43505 --- [pool-2-thread-1] c.e.r.service.ProductQuantityService     : pool-2-thread-1-stockedQuantity:0
2022-03-23 14:18:08.857  INFO 43505 --- [ool-2-thread-28] c.e.r.service.ProductQuantityService     : pool-2-thread-28-resVal:140
2022-03-23 14:18:08.857  INFO 43505 --- [ool-2-thread-29] c.e.r.service.ProductQuantityService     : pool-2-thread-29-resVal:160
2022-03-23 14:18:08.857  INFO 43505 --- [pool-2-thread-5] c.e.r.service.ProductQuantityService     : pool-2-thread-5-resVal:190
2022-03-23 14:18:08.857  INFO 43505 --- [ool-2-thread-14] c.e.r.service.ProductQuantityService     : pool-2-thread-14-resVal:210
2022-03-23 14:18:08.857  INFO 43505 --- [pool-2-thread-7] c.e.r.service.ProductQuantityService     : pool-2-thread-7-resVal:200
2022-03-23 14:18:08.856  INFO 43505 --- [pool-2-thread-4] c.e.r.service.ProductQuantityService     : pool-2-thread-4-resVal:10
2022-03-23 14:18:08.857  INFO 43505 --- [ool-2-thread-17] c.e.r.service.ProductQuantityService     : pool-2-thread-17-resVal:90
2022-03-23 14:18:08.856  INFO 43505 --- [ool-2-thread-23] c.e.r.service.ProductQuantityService     : pool-2-thread-23-resVal:60
2022-03-23 14:18:08.857  INFO 43505 --- [ool-2-thread-11] c.e.r.service.ProductQuantityService     : pool-2-thread-11-resVal:120
2022-03-23 14:18:08.857  INFO 43505 --- [ool-2-thread-12] c.e.r.service.ProductQuantityService     : pool-2-thread-12-resVal:110
2022-03-23 14:18:08.857  INFO 43505 --- [ool-2-thread-21] c.e.r.service.ProductQuantityService     : pool-2-thread-21-resVal:130
2022-03-23 14:18:08.857  INFO 43505 --- [ool-2-thread-24] c.e.r.service.ProductQuantityService     : pool-2-thread-24-resVal:80
2022-03-23 14:18:08.857  INFO 43505 --- [ool-2-thread-10] c.e.r.service.ProductQuantityService     : pool-2-thread-10-resVal:150
2022-03-23 14:18:08.857  INFO 43505 --- [pool-2-thread-8] c.e.r.service.ProductQuantityService     : pool-2-thread-8-resVal:180
2022-03-23 14:18:08.857  INFO 43505 --- [ool-2-thread-30] c.e.r.service.ProductQuantityService     : pool-2-thread-30-resVal:170
2022-03-23 14:18:08.857  INFO 43505 --- [ool-2-thread-20] c.e.r.service.ProductQuantityService     : pool-2-thread-20-resVal:100
2022-03-23 14:18:08.860  INFO 43505 --- [pool-2-thread-6] c.e.r.service.ProductQuantityService     : pool-2-thread-6-resVal:220
2022-03-23 14:18:08.860  INFO 43505 --- [ool-2-thread-27] c.e.r.service.ProductQuantityService     : pool-2-thread-27-resVal:250
2022-03-23 14:18:08.860  INFO 43505 --- [pool-2-thread-9] c.e.r.service.ProductQuantityService     : pool-2-thread-9-stockedQuantity:260
2022-03-23 14:18:08.860  INFO 43505 --- [ool-2-thread-15] c.e.r.service.ProductQuantityService     : pool-2-thread-15-resVal:240
2022-03-23 14:18:08.860  INFO 43505 --- [ool-2-thread-26] c.e.r.service.ProductQuantityService     : pool-2-thread-26-stockedQuantity:260
2022-03-23 14:18:08.860  INFO 43505 --- [ool-2-thread-25] c.e.r.service.ProductQuantityService     : pool-2-thread-25-resVal:230
2022-03-23 14:18:08.861  INFO 43505 --- [ool-2-thread-14] c.e.r.service.ProductQuantityService     : pool-2-thread-14-stockedQuantity:300
2022-03-23 14:18:08.861  INFO 43505 --- [ool-2-thread-17] c.e.r.service.ProductQuantityService     : pool-2-thread-17-stockedQuantity:300
2022-03-23 14:18:08.861  INFO 43505 --- [ool-2-thread-11] c.e.r.service.ProductQuantityService     : pool-2-thread-11-stockedQuantity:300
2022-03-23 14:18:08.860  INFO 43505 --- [ool-2-thread-19] c.e.r.service.ProductQuantityService     : pool-2-thread-19-resVal:260
2022-03-23 14:18:08.861  INFO 43505 --- [ool-2-thread-10] c.e.r.service.ProductQuantityService     : pool-2-thread-10-stockedQuantity:300
2022-03-23 14:18:08.860  INFO 43505 --- [pool-2-thread-3] c.e.r.service.ProductQuantityService     : pool-2-thread-3-stockedQuantity:260
2022-03-23 14:18:08.860  INFO 43505 --- [pool-2-thread-1] c.e.r.service.ProductQuantityService     : pool-2-thread-1-resVal:300
2022-03-23 14:18:08.860  INFO 43505 --- [ool-2-thread-22] c.e.r.service.ProductQuantityService     : pool-2-thread-22-stockedQuantity:260
2022-03-23 14:18:08.860  INFO 43505 --- [ool-2-thread-16] c.e.r.service.ProductQuantityService     : pool-2-thread-16-stockedQuantity:260
2022-03-23 14:18:08.862  INFO 43505 --- [ool-2-thread-27] c.e.r.service.ProductQuantityService     : pool-2-thread-27-stockedQuantity:310
2022-03-23 14:18:08.863  INFO 43505 --- [ool-2-thread-30] c.e.r.service.ProductQuantityService     : pool-2-thread-30-stockedQuantity:300
2022-03-23 14:18:08.863  INFO 43505 --- [ool-2-thread-20] c.e.r.service.ProductQuantityService     : pool-2-thread-20-stockedQuantity:300
2022-03-23 14:18:08.863  INFO 43505 --- [ool-2-thread-15] c.e.r.service.ProductQuantityService     : pool-2-thread-15-stockedQuantity:310
2022-03-23 14:18:08.860  INFO 43505 --- [ool-2-thread-18] c.e.r.service.ProductQuantityService     : pool-2-thread-18-resVal:270
2022-03-23 14:18:08.863  INFO 43505 --- [pool-2-thread-8] c.e.r.service.ProductQuantityService     : pool-2-thread-8-stockedQuantity:300
2022-03-23 14:18:08.860  INFO 43505 --- [pool-2-thread-2] c.e.r.service.ProductQuantityService     : pool-2-thread-2-resVal:280
2022-03-23 14:18:08.860  INFO 43505 --- [ool-2-thread-13] c.e.r.service.ProductQuantityService     : pool-2-thread-13-resVal:290
2022-03-23 14:18:08.861  INFO 43505 --- [ool-2-thread-28] c.e.r.service.ProductQuantityService     : pool-2-thread-28-stockedQuantity:300
2022-03-23 14:18:08.861  INFO 43505 --- [pool-2-thread-5] c.e.r.service.ProductQuantityService     : pool-2-thread-5-stockedQuantity:300
2022-03-23 14:18:08.861  INFO 43505 --- [pool-2-thread-7] c.e.r.service.ProductQuantityService     : pool-2-thread-7-stockedQuantity:300
2022-03-23 14:18:08.861  INFO 43505 --- [ool-2-thread-29] c.e.r.service.ProductQuantityService     : pool-2-thread-29-stockedQuantity:300
2022-03-23 14:18:08.861  INFO 43505 --- [pool-2-thread-4] c.e.r.service.ProductQuantityService     : pool-2-thread-4-stockedQuantity:300
2022-03-23 14:18:08.861  INFO 43505 --- [ool-2-thread-23] c.e.r.service.ProductQuantityService     : pool-2-thread-23-stockedQuantity:300
2022-03-23 14:18:08.861  INFO 43505 --- [ool-2-thread-12] c.e.r.service.ProductQuantityService     : pool-2-thread-12-stockedQuantity:300
2022-03-23 14:18:08.861  INFO 43505 --- [ool-2-thread-21] c.e.r.service.ProductQuantityService     : pool-2-thread-21-stockedQuantity:300
2022-03-23 14:18:08.861  INFO 43505 --- [ool-2-thread-24] c.e.r.service.ProductQuantityService     : pool-2-thread-24-stockedQuantity:300
2022-03-23 14:18:08.863  INFO 43505 --- [pool-2-thread-6] c.e.r.service.ProductQuantityService     : pool-2-thread-6-stockedQuantity:300
2022-03-23 14:18:08.863  INFO 43505 --- [pool-2-thread-9] c.e.r.service.ProductQuantityService     : pool-2-thread-9-resVal:310
2022-03-23 14:18:08.863  INFO 43505 --- [ool-2-thread-26] c.e.r.service.ProductQuantityService     : pool-2-thread-26-resVal:320
2022-03-23 14:18:08.865  INFO 43505 --- [ool-2-thread-14] c.e.r.service.ProductQuantityService     : pool-2-thread-14-resVal:330
2022-03-23 14:18:08.865  INFO 43505 --- [ool-2-thread-11] c.e.r.service.ProductQuantityService     : pool-2-thread-11-resVal:350
2022-03-23 14:18:08.865  INFO 43505 --- [ool-2-thread-10] c.e.r.service.ProductQuantityService     : pool-2-thread-10-resVal:360
2022-03-23 14:18:08.865  INFO 43505 --- [ool-2-thread-19] c.e.r.service.ProductQuantityService     : pool-2-thread-19-stockedQuantity:350
2022-03-23 14:18:08.865  INFO 43505 --- [ool-2-thread-25] c.e.r.service.ProductQuantityService     : pool-2-thread-25-stockedQuantity:320
2022-03-23 14:18:08.865  INFO 43505 --- [ool-2-thread-22] c.e.r.service.ProductQuantityService     : pool-2-thread-22-resVal:380
2022-03-23 14:18:08.865  INFO 43505 --- [ool-2-thread-17] c.e.r.service.ProductQuantityService     : pool-2-thread-17-resVal:340
2022-03-23 14:18:08.865  INFO 43505 --- [pool-2-thread-3] c.e.r.service.ProductQuantityService     : pool-2-thread-3-resVal:370
2022-03-23 14:18:08.865  INFO 43505 --- [pool-2-thread-1] c.e.r.service.ProductQuantityService     : pool-2-thread-1-stockedQuantity:370
2022-03-23 14:18:08.865  INFO 43505 --- [ool-2-thread-16] c.e.r.service.ProductQuantityService     : pool-2-thread-16-resVal:390
2022-03-23 14:18:08.867  INFO 43505 --- [ool-2-thread-27] c.e.r.service.ProductQuantityService     : pool-2-thread-27-resVal:400
2022-03-23 14:18:08.867  INFO 43505 --- [pool-2-thread-2] c.e.r.service.ProductQuantityService     : pool-2-thread-2-stockedQuantity:440
2022-03-23 14:18:08.867  INFO 43505 --- [ool-2-thread-28] c.e.r.service.ProductQuantityService     : pool-2-thread-28-resVal:450
2022-03-23 14:18:08.867  INFO 43505 --- [pool-2-thread-5] c.e.r.service.ProductQuantityService     : pool-2-thread-5-resVal:460
2022-03-23 14:18:08.867  INFO 43505 --- [ool-2-thread-29] c.e.r.service.ProductQuantityService     : pool-2-thread-29-resVal:470
2022-03-23 14:18:08.867  INFO 43505 --- [pool-2-thread-7] c.e.r.service.ProductQuantityService     : pool-2-thread-7-resVal:480
2022-03-23 14:18:08.867  INFO 43505 --- [pool-2-thread-8] c.e.r.service.ProductQuantityService     : pool-2-thread-8-resVal:440
2022-03-23 14:18:08.867  INFO 43505 --- [ool-2-thread-23] c.e.r.service.ProductQuantityService     : pool-2-thread-23-resVal:500
2022-03-23 14:18:08.867  INFO 43505 --- [ool-2-thread-15] c.e.r.service.ProductQuantityService     : pool-2-thread-15-resVal:430
2022-03-23 14:18:08.867  INFO 43505 --- [ool-2-thread-20] c.e.r.service.ProductQuantityService     : pool-2-thread-20-resVal:420
2022-03-23 14:18:08.867  INFO 43505 --- [ool-2-thread-18] c.e.r.service.ProductQuantityService     : pool-2-thread-18-stockedQuantity:430
2022-03-23 14:18:08.867  INFO 43505 --- [ool-2-thread-30] c.e.r.service.ProductQuantityService     : pool-2-thread-30-resVal:410
2022-03-23 14:18:08.867  INFO 43505 --- [ool-2-thread-12] c.e.r.service.ProductQuantityService     : pool-2-thread-12-resVal:510
2022-03-23 14:18:08.867  INFO 43505 --- [pool-2-thread-6] c.e.r.service.ProductQuantityService     : pool-2-thread-6-resVal:540
2022-03-23 14:18:08.867  INFO 43505 --- [ool-2-thread-13] c.e.r.service.ProductQuantityService     : pool-2-thread-13-stockedQuantity:440
2022-03-23 14:18:08.867  INFO 43505 --- [pool-2-thread-9] c.e.r.service.ProductQuantityService     : pool-2-thread-9-stockedQuantity:540
2022-03-23 14:18:08.867  INFO 43505 --- [ool-2-thread-26] c.e.r.service.ProductQuantityService     : pool-2-thread-26-stockedQuantity:540
2022-03-23 14:18:08.867  INFO 43505 --- [pool-2-thread-4] c.e.r.service.ProductQuantityService     : pool-2-thread-4-resVal:490
2022-03-23 14:18:08.867  INFO 43505 --- [ool-2-thread-21] c.e.r.service.ProductQuantityService     : pool-2-thread-21-resVal:520
2022-03-23 14:18:08.868  INFO 43505 --- [ool-2-thread-14] c.e.r.service.ProductQuantityService     : pool-2-thread-14-stockedQuantity:540
2022-03-23 14:18:08.868  INFO 43505 --- [ool-2-thread-11] c.e.r.service.ProductQuantityService     : pool-2-thread-11-stockedQuantity:540
2022-03-23 14:18:08.868  INFO 43505 --- [ool-2-thread-10] c.e.r.service.ProductQuantityService     : pool-2-thread-10-stockedQuantity:540
2022-03-23 14:18:08.867  INFO 43505 --- [ool-2-thread-24] c.e.r.service.ProductQuantityService     : pool-2-thread-24-resVal:530
2022-03-23 14:18:08.868  INFO 43505 --- [ool-2-thread-22] c.e.r.service.ProductQuantityService     : pool-2-thread-22-stockedQuantity:560
2022-03-23 14:18:08.868  INFO 43505 --- [ool-2-thread-25] c.e.r.service.ProductQuantityService     : pool-2-thread-25-resVal:560
2022-03-23 14:18:08.869  INFO 43505 --- [pool-2-thread-1] c.e.r.service.ProductQuantityService     : pool-2-thread-1-resVal:570
2022-03-23 14:18:08.869  INFO 43505 --- [pool-2-thread-2] c.e.r.service.ProductQuantityService     : pool-2-thread-2-resVal:580
2022-03-23 14:18:08.869  INFO 43505 --- [ool-2-thread-27] c.e.r.service.ProductQuantityService     : pool-2-thread-27-stockedQuantity:580
2022-03-23 14:18:08.869  INFO 43505 --- [ool-2-thread-28] c.e.r.service.ProductQuantityService     : pool-2-thread-28-stockedQuantity:580
2022-03-23 14:18:08.869  INFO 43505 --- [ool-2-thread-17] c.e.r.service.ProductQuantityService     : pool-2-thread-17-stockedQuantity:560
2022-03-23 14:18:08.868  INFO 43505 --- [ool-2-thread-19] c.e.r.service.ProductQuantityService     : pool-2-thread-19-resVal:550
2022-03-23 14:18:08.869  INFO 43505 --- [pool-2-thread-3] c.e.r.service.ProductQuantityService     : pool-2-thread-3-stockedQuantity:560
2022-03-23 14:18:08.869  INFO 43505 --- [ool-2-thread-16] c.e.r.service.ProductQuantityService     : pool-2-thread-16-stockedQuantity:570
2022-03-23 14:18:08.869  INFO 43505 --- [pool-2-thread-5] c.e.r.service.ProductQuantityService     : pool-2-thread-5-stockedQuantity:580
2022-03-23 14:18:08.872  INFO 43505 --- [ool-2-thread-29] c.e.r.service.ProductQuantityService     : pool-2-thread-29-stockedQuantity:580
2022-03-23 14:18:08.873  INFO 43505 --- [ool-2-thread-23] c.e.r.service.ProductQuantityService     : pool-2-thread-23-stockedQuantity:580
2022-03-23 14:18:08.872  INFO 43505 --- [pool-2-thread-7] c.e.r.service.ProductQuantityService     : pool-2-thread-7-stockedQuantity:580
2022-03-23 14:18:08.873  INFO 43505 --- [pool-2-thread-8] c.e.r.service.ProductQuantityService     : pool-2-thread-8-stockedQuantity:580
2022-03-23 14:18:08.873  INFO 43505 --- [ool-2-thread-15] c.e.r.service.ProductQuantityService     : pool-2-thread-15-stockedQuantity:580
2022-03-23 14:18:08.873  INFO 43505 --- [ool-2-thread-20] c.e.r.service.ProductQuantityService     : pool-2-thread-20-stockedQuantity:580
2022-03-23 14:18:08.874  INFO 43505 --- [ool-2-thread-17] c.e.r.service.ProductQuantityService     : pool-2-thread-17-resVal:690
2022-03-23 14:18:08.874  INFO 43505 --- [pool-2-thread-1] c.e.r.service.ProductQuantityService     : pool-2-thread-1-stockedQuantity:680
2022-03-23 14:18:08.877  INFO 43505 --- [ool-2-thread-19] c.e.r.service.ProductQuantityService     : pool-2-thread-19-stockedQuantity:690
2022-03-23 14:18:08.877  INFO 43505 --- [pool-2-thread-3] c.e.r.service.ProductQuantityService     : pool-2-thread-3-resVal:700
2022-03-23 14:18:08.877  INFO 43505 --- [ool-2-thread-16] c.e.r.service.ProductQuantityService     : pool-2-thread-16-resVal:720
2022-03-23 14:18:08.877  INFO 43505 --- [ool-2-thread-29] c.e.r.service.ProductQuantityService     : pool-2-thread-29-resVal:730
2022-03-23 14:18:08.874  INFO 43505 --- [pool-2-thread-2] c.e.r.service.ProductQuantityService     : pool-2-thread-2-stockedQuantity:660
2022-03-23 14:18:08.877  INFO 43505 --- [pool-2-thread-5] c.e.r.service.ProductQuantityService     : pool-2-thread-5-resVal:710
2022-03-23 14:18:08.874  INFO 43505 --- [ool-2-thread-27] c.e.r.service.ProductQuantityService     : pool-2-thread-27-resVal:670
2022-03-23 14:18:08.877  INFO 43505 --- [pool-2-thread-8] c.e.r.service.ProductQuantityService     : pool-2-thread-8-resVal:760
2022-03-23 14:18:08.874  INFO 43505 --- [ool-2-thread-28] c.e.r.service.ProductQuantityService     : pool-2-thread-28-resVal:680
2022-03-23 14:18:08.878  INFO 43505 --- [ool-2-thread-15] c.e.r.service.ProductQuantityService     : pool-2-thread-15-resVal:770
2022-03-23 14:18:08.877  INFO 43505 --- [ool-2-thread-23] c.e.r.service.ProductQuantityService     : pool-2-thread-23-resVal:740
2022-03-23 14:18:08.877  INFO 43505 --- [pool-2-thread-7] c.e.r.service.ProductQuantityService     : pool-2-thread-7-resVal:750
2022-03-23 14:18:08.874  INFO 43505 --- [ool-2-thread-25] c.e.r.service.ProductQuantityService     : pool-2-thread-25-stockedQuantity:660
2022-03-23 14:18:08.878  INFO 43505 --- [ool-2-thread-20] c.e.r.service.ProductQuantityService     : pool-2-thread-20-resVal:780
2022-03-23 14:18:08.874  INFO 43505 --- [ool-2-thread-22] c.e.r.service.ProductQuantityService     : pool-2-thread-22-resVal:660
2022-03-23 14:18:08.874  INFO 43505 --- [ool-2-thread-11] c.e.r.service.ProductQuantityService     : pool-2-thread-11-resVal:640
2022-03-23 14:18:08.874  INFO 43505 --- [ool-2-thread-10] c.e.r.service.ProductQuantityService     : pool-2-thread-10-resVal:650
2022-03-23 14:18:08.874  INFO 43505 --- [pool-2-thread-9] c.e.r.service.ProductQuantityService     : pool-2-thread-9-resVal:610
2022-03-23 14:18:08.874  INFO 43505 --- [pool-2-thread-4] c.e.r.service.ProductQuantityService     : pool-2-thread-4-stockedQuantity:620
2022-03-23 14:18:08.874  INFO 43505 --- [ool-2-thread-24] c.e.r.service.ProductQuantityService     : pool-2-thread-24-stockedQuantity:660
2022-03-23 14:18:08.874  INFO 43505 --- [ool-2-thread-14] c.e.r.service.ProductQuantityService     : pool-2-thread-14-resVal:630
2022-03-23 14:18:08.874  INFO 43505 --- [ool-2-thread-21] c.e.r.service.ProductQuantityService     : pool-2-thread-21-stockedQuantity:630
2022-03-23 14:18:08.874  INFO 43505 --- [ool-2-thread-26] c.e.r.service.ProductQuantityService     : pool-2-thread-26-resVal:620
2022-03-23 14:18:08.874  INFO 43505 --- [pool-2-thread-6] c.e.r.service.ProductQuantityService     : pool-2-thread-6-stockedQuantity:590
2022-03-23 14:18:08.874  INFO 43505 --- [ool-2-thread-13] c.e.r.service.ProductQuantityService     : pool-2-thread-13-resVal:600
2022-03-23 14:18:08.874  INFO 43505 --- [ool-2-thread-30] c.e.r.service.ProductQuantityService     : pool-2-thread-30-stockedQuantity:590
2022-03-23 14:18:08.874  INFO 43505 --- [ool-2-thread-12] c.e.r.service.ProductQuantityService     : pool-2-thread-12-stockedQuantity:590
2022-03-23 14:18:08.874  INFO 43505 --- [ool-2-thread-18] c.e.r.service.ProductQuantityService     : pool-2-thread-18-resVal:590
2022-03-23 14:18:08.880  INFO 43505 --- [ool-2-thread-19] c.e.r.service.ProductQuantityService     : pool-2-thread-19-resVal:800
2022-03-23 14:18:08.880  INFO 43505 --- [ool-2-thread-20] c.e.r.service.ProductQuantityService     : pool-2-thread-20-stockedQuantity:820
2022-03-23 14:18:08.880  INFO 43505 --- [pool-2-thread-3] c.e.r.service.ProductQuantityService     : pool-2-thread-3-stockedQuantity:800
2022-03-23 14:18:08.880  INFO 43505 --- [ool-2-thread-16] c.e.r.service.ProductQuantityService     : pool-2-thread-16-stockedQuantity:800
2022-03-23 14:18:08.880  INFO 43505 --- [pool-2-thread-2] c.e.r.service.ProductQuantityService     : pool-2-thread-2-resVal:810
2022-03-23 14:18:08.880  INFO 43505 --- [ool-2-thread-17] c.e.r.service.ProductQuantityService     : pool-2-thread-17-stockedQuantity:800
2022-03-23 14:18:08.881  INFO 43505 --- [ool-2-thread-29] c.e.r.service.ProductQuantityService     : pool-2-thread-29-stockedQuantity:800
2022-03-23 14:18:08.881  INFO 43505 --- [ool-2-thread-27] c.e.r.service.ProductQuantityService     : pool-2-thread-27-stockedQuantity:810
2022-03-23 14:18:08.881  INFO 43505 --- [pool-2-thread-8] c.e.r.service.ProductQuantityService     : pool-2-thread-8-stockedQuantity:810
2022-03-23 14:18:08.881  INFO 43505 --- [ool-2-thread-10] c.e.r.service.ProductQuantityService     : pool-2-thread-10-stockedQuantity:820
2022-03-23 14:18:08.881  INFO 43505 --- [ool-2-thread-28] c.e.r.service.ProductQuantityService     : pool-2-thread-28-stockedQuantity:810
2022-03-23 14:18:08.881  INFO 43505 --- [ool-2-thread-23] c.e.r.service.ProductQuantityService     : pool-2-thread-23-stockedQuantity:810
2022-03-23 14:18:08.881  INFO 43505 --- [ool-2-thread-25] c.e.r.service.ProductQuantityService     : pool-2-thread-25-resVal:820
2022-03-23 14:18:08.880  INFO 43505 --- [pool-2-thread-5] c.e.r.service.ProductQuantityService     : pool-2-thread-5-stockedQuantity:800
2022-03-23 14:18:08.880  INFO 43505 --- [pool-2-thread-1] c.e.r.service.ProductQuantityService     : pool-2-thread-1-resVal:790
2022-03-23 14:18:08.882  INFO 43505 --- [ool-2-thread-11] c.e.r.service.ProductQuantityService     : pool-2-thread-11-stockedQuantity:820
2022-03-23 14:18:08.881  INFO 43505 --- [ool-2-thread-22] c.e.r.service.ProductQuantityService     : pool-2-thread-22-stockedQuantity:820
2022-03-23 14:18:08.881  INFO 43505 --- [ool-2-thread-15] c.e.r.service.ProductQuantityService     : pool-2-thread-15-stockedQuantity:810
2022-03-23 14:18:08.882  INFO 43505 --- [ool-2-thread-21] c.e.r.service.ProductQuantityService     : pool-2-thread-21-resVal:850
2022-03-23 14:18:08.882  INFO 43505 --- [ool-2-thread-14] c.e.r.service.ProductQuantityService     : pool-2-thread-14-stockedQuantity:850
2022-03-23 14:18:08.882  INFO 43505 --- [pool-2-thread-6] c.e.r.service.ProductQuantityService     : pool-2-thread-6-resVal:860
2022-03-23 14:18:08.881  INFO 43505 --- [pool-2-thread-4] c.e.r.service.ProductQuantityService     : pool-2-thread-4-resVal:830
2022-03-23 14:18:08.882  INFO 43505 --- [pool-2-thread-7] c.e.r.service.ProductQuantityService     : pool-2-thread-7-stockedQuantity:820
2022-03-23 14:18:08.882  INFO 43505 --- [ool-2-thread-24] c.e.r.service.ProductQuantityService     : pool-2-thread-24-resVal:840
2022-03-23 14:18:08.882  INFO 43505 --- [pool-2-thread-9] c.e.r.service.ProductQuantityService     : pool-2-thread-9-stockedQuantity:830
2022-03-23 14:18:08.883  INFO 43505 --- [ool-2-thread-13] c.e.r.service.ProductQuantityService     : pool-2-thread-13-stockedQuantity:860
2022-03-23 14:18:08.883  INFO 43505 --- [ool-2-thread-30] c.e.r.service.ProductQuantityService     : pool-2-thread-30-resVal:870
2022-03-23 14:18:08.882  INFO 43505 --- [ool-2-thread-26] c.e.r.service.ProductQuantityService     : pool-2-thread-26-stockedQuantity:850
2022-03-23 14:18:08.883  INFO 43505 --- [ool-2-thread-19] c.e.r.service.ProductQuantityService     : pool-2-thread-19-stockedQuantity:880
2022-03-23 14:18:08.883  INFO 43505 --- [ool-2-thread-20] c.e.r.service.ProductQuantityService     : pool-2-thread-20-resVal:890
2022-03-23 14:18:08.883  INFO 43505 --- [ool-2-thread-18] c.e.r.service.ProductQuantityService     : pool-2-thread-18-stockedQuantity:880
2022-03-23 14:18:08.883  INFO 43505 --- [ool-2-thread-12] c.e.r.service.ProductQuantityService     : pool-2-thread-12-resVal:880
2022-03-23 14:18:08.884  INFO 43505 --- [pool-2-thread-3] c.e.r.service.ProductQuantityService     : pool-2-thread-3-resVal:900
2022-03-23 14:18:08.884  INFO 43505 --- [ool-2-thread-16] c.e.r.service.ProductQuantityService     : pool-2-thread-16-resVal:910
2022-03-23 14:18:08.884  INFO 43505 --- [ool-2-thread-17] c.e.r.service.ProductQuantityService     : pool-2-thread-17-resVal:920
2022-03-23 14:18:08.884  INFO 43505 --- [pool-2-thread-2] c.e.r.service.ProductQuantityService     : pool-2-thread-2-stockedQuantity:910
2022-03-23 14:18:08.884  INFO 43505 --- [ool-2-thread-27] c.e.r.service.ProductQuantityService     : pool-2-thread-27-resVal:940
2022-03-23 14:18:08.884  INFO 43505 --- [ool-2-thread-23] c.e.r.service.ProductQuantityService     : pool-2-thread-23-resVal:980
2022-03-23 14:18:08.884  INFO 43505 --- [ool-2-thread-29] c.e.r.service.ProductQuantityService     : pool-2-thread-29-resVal:930
2022-03-23 14:18:08.884  INFO 43505 --- [pool-2-thread-5] c.e.r.service.ProductQuantityService     : pool-2-thread-5-resVal:990
2022-03-23 14:18:08.884  INFO 43505 --- [ool-2-thread-25] c.e.r.service.ProductQuantityService     : pool-2-thread-25-stockedQuantity:990
2022-03-23 14:18:08.884  INFO 43505 --- [pool-2-thread-8] c.e.r.service.ProductQuantityService     : pool-2-thread-8-resVal:950
2022-03-23 14:18:08.884  INFO 43505 --- [ool-2-thread-28] c.e.r.service.ProductQuantityService     : pool-2-thread-28-resVal:960
2022-03-23 14:18:08.884  INFO 43505 --- [ool-2-thread-10] c.e.r.service.ProductQuantityService     : pool-2-thread-10-resVal:970
2022-03-23 14:18:08.885  INFO 43505 --- [pool-2-thread-1] c.e.r.service.ProductQuantityService     : pool-2-thread-1-stockedQuantity:990
2022-03-23 14:18:08.886  INFO 43505 --- [ool-2-thread-14] c.e.r.service.ProductQuantityService     : pool-2-thread-14-resVal:1030
2022-03-23 14:18:08.886  INFO 43505 --- [pool-2-thread-6] c.e.r.service.ProductQuantityService     : pool-2-thread-6-stockedQuantity:1030
2022-03-23 14:18:08.886  INFO 43505 --- [pool-2-thread-4] c.e.r.service.ProductQuantityService     : pool-2-thread-4-stockedQuantity:1030
2022-03-23 14:18:08.886  INFO 43505 --- [ool-2-thread-24] c.e.r.service.ProductQuantityService     : pool-2-thread-24-stockedQuantity:1040
2022-03-23 14:18:08.886  INFO 43505 --- [pool-2-thread-7] c.e.r.service.ProductQuantityService     : pool-2-thread-7-resVal:1040
2022-03-23 14:18:08.886  INFO 43505 --- [ool-2-thread-13] c.e.r.service.ProductQuantityService     : pool-2-thread-13-resVal:1060
2022-03-23 14:18:08.885  INFO 43505 --- [ool-2-thread-22] c.e.r.service.ProductQuantityService     : pool-2-thread-22-resVal:1010
2022-03-23 14:18:08.886  INFO 43505 --- [ool-2-thread-15] c.e.r.service.ProductQuantityService     : pool-2-thread-15-resVal:1020
2022-03-23 14:18:08.886  INFO 43505 --- [ool-2-thread-21] c.e.r.service.ProductQuantityService     : pool-2-thread-21-stockedQuantity:1030
2022-03-23 14:18:08.886  INFO 43505 --- [pool-2-thread-9] c.e.r.service.ProductQuantityService     : pool-2-thread-9-resVal:1050
2022-03-23 14:18:08.885  INFO 43505 --- [ool-2-thread-11] c.e.r.service.ProductQuantityService     : pool-2-thread-11-resVal:1000
2022-03-23 14:18:08.887  INFO 43505 --- [ool-2-thread-30] c.e.r.service.ProductQuantityService     : pool-2-thread-30-stockedQuantity:1060
2022-03-23 14:18:08.887  INFO 43505 --- [ool-2-thread-18] c.e.r.service.ProductQuantityService     : pool-2-thread-18-resVal:1090
2022-03-23 14:18:08.887  INFO 43505 --- [ool-2-thread-12] c.e.r.service.ProductQuantityService     : pool-2-thread-12-stockedQuantity:1090
2022-03-23 14:18:08.887  INFO 43505 --- [ool-2-thread-20] c.e.r.service.ProductQuantityService     : pool-2-thread-20-stockedQuantity:1080
2022-03-23 14:18:08.887  INFO 43505 --- [ool-2-thread-27] c.e.r.service.ProductQuantityService     : pool-2-thread-27-stockedQuantity:1090
2022-03-23 14:18:08.887  INFO 43505 --- [pool-2-thread-2] c.e.r.service.ProductQuantityService     : pool-2-thread-2-resVal:1100
2022-03-23 14:18:08.887  INFO 43505 --- [ool-2-thread-29] c.e.r.service.ProductQuantityService     : pool-2-thread-29-stockedQuantity:1090
2022-03-23 14:18:08.888  INFO 43505 --- [ool-2-thread-10] c.e.r.service.ProductQuantityService     : pool-2-thread-10-stockedQuantity:1110
2022-03-23 14:18:08.887  INFO 43505 --- [ool-2-thread-19] c.e.r.service.ProductQuantityService     : pool-2-thread-19-resVal:1080
2022-03-23 14:18:08.887  INFO 43505 --- [ool-2-thread-26] c.e.r.service.ProductQuantityService     : pool-2-thread-26-resVal:1070
2022-03-23 14:18:08.888  INFO 43505 --- [pool-2-thread-8] c.e.r.service.ProductQuantityService     : pool-2-thread-8-stockedQuantity:1110
2022-03-23 14:18:08.887  INFO 43505 --- [pool-2-thread-3] c.e.r.service.ProductQuantityService     : pool-2-thread-3-stockedQuantity:1090
2022-03-23 14:18:08.888  INFO 43505 --- [ool-2-thread-31] c.e.r.service.ProductQuantityService     : pool-2-thread-31-stockedQuantity:1120
2022-03-23 14:18:08.888  INFO 43505 --- [ool-2-thread-35] c.e.r.service.ProductQuantityService     : pool-2-thread-35-stockedQuantity:1120
2022-03-23 14:18:08.887  INFO 43505 --- [ool-2-thread-16] c.e.r.service.ProductQuantityService     : pool-2-thread-16-stockedQuantity:1090
2022-03-23 14:18:08.887  INFO 43505 --- [ool-2-thread-17] c.e.r.service.ProductQuantityService     : pool-2-thread-17-stockedQuantity:1090
2022-03-23 14:18:08.887  INFO 43505 --- [ool-2-thread-23] c.e.r.service.ProductQuantityService     : pool-2-thread-23-stockedQuantity:1090
2022-03-23 14:18:08.887  INFO 43505 --- [ool-2-thread-25] c.e.r.service.ProductQuantityService     : pool-2-thread-25-resVal:1110
2022-03-23 14:18:08.887  INFO 43505 --- [pool-2-thread-5] c.e.r.service.ProductQuantityService     : pool-2-thread-5-stockedQuantity:1100
2022-03-23 14:18:08.888  INFO 43505 --- [ool-2-thread-28] c.e.r.service.ProductQuantityService     : pool-2-thread-28-stockedQuantity:1110
2022-03-23 14:18:08.889  INFO 43505 --- [ool-2-thread-34] c.e.r.service.ProductQuantityService     : pool-2-thread-34-stockedQuantity:1120
2022-03-23 14:18:08.888  INFO 43505 --- [pool-2-thread-1] c.e.r.service.ProductQuantityService     : pool-2-thread-1-resVal:1120
2022-03-23 14:18:08.890  INFO 43505 --- [ool-2-thread-42] c.e.r.service.ProductQuantityService     : pool-2-thread-42-stockedQuantity:1120
2022-03-23 14:18:08.889  INFO 43505 --- [ool-2-thread-11] c.e.r.service.ProductQuantityService     : pool-2-thread-11-stockedQuantity:1120
2022-03-23 14:18:08.889  INFO 43505 --- [ool-2-thread-38] c.e.r.service.ProductQuantityService     : pool-2-thread-38-stockedQuantity:1120
2022-03-23 14:18:08.891  INFO 43505 --- [ool-2-thread-52] c.e.r.service.ProductQuantityService     : pool-2-thread-52-stockedQuantity:1120
2022-03-23 14:18:08.891  INFO 43505 --- [ool-2-thread-55] c.e.r.service.ProductQuantityService     : pool-2-thread-55-stockedQuantity:1120
2022-03-23 14:18:08.892  INFO 43505 --- [ool-2-thread-33] c.e.r.service.ProductQuantityService     : pool-2-thread-33-stockedQuantity:1120
2022-03-23 14:18:08.893  INFO 43505 --- [ool-2-thread-60] c.e.r.service.ProductQuantityService     : pool-2-thread-60-stockedQuantity:1120
2022-03-23 14:18:08.894  INFO 43505 --- [ool-2-thread-36] c.e.r.service.ProductQuantityService     : pool-2-thread-36-stockedQuantity:1120
2022-03-23 14:18:08.894  INFO 43505 --- [ool-2-thread-61] c.e.r.service.ProductQuantityService     : pool-2-thread-61-stockedQuantity:1120
2022-03-23 14:18:08.894  INFO 43505 --- [ool-2-thread-50] c.e.r.service.ProductQuantityService     : pool-2-thread-50-stockedQuantity:1120
2022-03-23 14:18:08.894  INFO 43505 --- [ool-2-thread-66] c.e.r.service.ProductQuantityService     : pool-2-thread-66-stockedQuantity:1120
2022-03-23 14:18:08.894  INFO 43505 --- [ool-2-thread-44] c.e.r.service.ProductQuantityService     : pool-2-thread-44-stockedQuantity:1120
2022-03-23 14:18:08.904  INFO 43505 --- [ool-2-thread-56] c.e.r.service.ProductQuantityService     : pool-2-thread-56-stockedQuantity:1120
2022-03-23 14:18:08.905  INFO 43505 --- [ool-2-thread-37] c.e.r.service.ProductQuantityService     : pool-2-thread-37-stockedQuantity:1120
2022-03-23 14:18:08.905  INFO 43505 --- [ool-2-thread-58] c.e.r.service.ProductQuantityService     : pool-2-thread-58-stockedQuantity:1120
2022-03-23 14:18:08.905  INFO 43505 --- [ool-2-thread-32] c.e.r.service.ProductQuantityService     : pool-2-thread-32-stockedQuantity:1120
2022-03-23 14:18:08.905  INFO 43505 --- [ool-2-thread-39] c.e.r.service.ProductQuantityService     : pool-2-thread-39-stockedQuantity:1120
2022-03-23 14:18:08.905  INFO 43505 --- [ool-2-thread-69] c.e.r.service.ProductQuantityService     : pool-2-thread-69-stockedQuantity:1120
2022-03-23 14:18:08.905  INFO 43505 --- [ool-2-thread-64] c.e.r.service.ProductQuantityService     : pool-2-thread-64-stockedQuantity:1120
2022-03-23 14:18:08.905  INFO 43505 --- [ool-2-thread-46] c.e.r.service.ProductQuantityService     : pool-2-thread-46-stockedQuantity:1120
2022-03-23 14:18:08.905  INFO 43505 --- [ool-2-thread-68] c.e.r.service.ProductQuantityService     : pool-2-thread-68-stockedQuantity:1120
2022-03-23 14:18:08.905  INFO 43505 --- [ool-2-thread-47] c.e.r.service.ProductQuantityService     : pool-2-thread-47-stockedQuantity:1120
2022-03-23 14:18:08.904  INFO 43505 --- [ool-2-thread-54] c.e.r.service.ProductQuantityService     : pool-2-thread-54-stockedQuantity:1120
2022-03-23 14:18:08.905  INFO 43505 --- [ool-2-thread-51] c.e.r.service.ProductQuantityService     : pool-2-thread-51-stockedQuantity:1120
2022-03-23 14:18:08.905  INFO 43505 --- [ool-2-thread-43] c.e.r.service.ProductQuantityService     : pool-2-thread-43-stockedQuantity:1120
2022-03-23 14:18:08.905  INFO 43505 --- [ool-2-thread-62] c.e.r.service.ProductQuantityService     : pool-2-thread-62-stockedQuantity:1120
2022-03-23 14:18:08.905  INFO 43505 --- [ool-2-thread-73] c.e.r.service.ProductQuantityService     : pool-2-thread-73-stockedQuantity:1120
2022-03-23 14:18:08.905  INFO 43505 --- [ool-2-thread-59] c.e.r.service.ProductQuantityService     : pool-2-thread-59-stockedQuantity:1120
2022-03-23 14:18:08.905  INFO 43505 --- [ool-2-thread-67] c.e.r.service.ProductQuantityService     : pool-2-thread-67-stockedQuantity:1120
2022-03-23 14:18:08.905  INFO 43505 --- [ool-2-thread-72] c.e.r.service.ProductQuantityService     : pool-2-thread-72-stockedQuantity:1120
2022-03-23 14:18:08.905  INFO 43505 --- [ool-2-thread-40] c.e.r.service.ProductQuantityService     : pool-2-thread-40-stockedQuantity:1120
2022-03-23 14:18:08.905  INFO 43505 --- [ool-2-thread-49] c.e.r.service.ProductQuantityService     : pool-2-thread-49-stockedQuantity:1120
2022-03-23 14:18:08.906  INFO 43505 --- [ool-2-thread-63] c.e.r.service.ProductQuantityService     : pool-2-thread-63-stockedQuantity:1120
2022-03-23 14:18:08.906  INFO 43505 --- [ool-2-thread-70] c.e.r.service.ProductQuantityService     : pool-2-thread-70-stockedQuantity:1120
2022-03-23 14:18:08.905  INFO 43505 --- [ool-2-thread-65] c.e.r.service.ProductQuantityService     : pool-2-thread-65-stockedQuantity:1120
2022-03-23 14:18:08.906  INFO 43505 --- [ool-2-thread-74] c.e.r.service.ProductQuantityService     : pool-2-thread-74-stockedQuantity:1120
2022-03-23 14:18:08.905  INFO 43505 --- [ool-2-thread-45] c.e.r.service.ProductQuantityService     : pool-2-thread-45-stockedQuantity:1120
2022-03-23 14:18:08.905  INFO 43505 --- [ool-2-thread-57] c.e.r.service.ProductQuantityService     : pool-2-thread-57-stockedQuantity:1120
2022-03-23 14:18:08.905  INFO 43505 --- [ool-2-thread-48] c.e.r.service.ProductQuantityService     : pool-2-thread-48-stockedQuantity:1120
2022-03-23 14:18:08.908  INFO 43505 --- [ool-2-thread-41] c.e.r.service.ProductQuantityService     : pool-2-thread-41-stockedQuantity:1120
2022-03-23 14:18:08.908  INFO 43505 --- [ool-2-thread-85] c.e.r.service.ProductQuantityService     : pool-2-thread-85-stockedQuantity:1120
2022-03-23 14:18:08.908  INFO 43505 --- [ool-2-thread-89] c.e.r.service.ProductQuantityService     : pool-2-thread-89-stockedQuantity:1120
2022-03-23 14:18:08.909  INFO 43505 --- [ool-2-thread-93] c.e.r.service.ProductQuantityService     : pool-2-thread-93-stockedQuantity:1120
2022-03-23 14:18:08.909  INFO 43505 --- [ool-2-thread-96] c.e.r.service.ProductQuantityService     : pool-2-thread-96-stockedQuantity:1120
2022-03-23 14:18:08.909  INFO 43505 --- [ool-2-thread-99] c.e.r.service.ProductQuantityService     : pool-2-thread-99-stockedQuantity:1120
2022-03-23 14:18:08.910  INFO 43505 --- [ool-2-thread-53] c.e.r.service.ProductQuantityService     : pool-2-thread-53-stockedQuantity:1120
2022-03-23 14:18:08.910  INFO 43505 --- [ool-2-thread-76] c.e.r.service.ProductQuantityService     : pool-2-thread-76-stockedQuantity:1120
2022-03-23 14:18:08.910  INFO 43505 --- [ool-2-thread-77] c.e.r.service.ProductQuantityService     : pool-2-thread-77-stockedQuantity:1120
2022-03-23 14:18:08.911  INFO 43505 --- [ool-2-thread-80] c.e.r.service.ProductQuantityService     : pool-2-thread-80-stockedQuantity:1120
2022-03-23 14:18:08.911  INFO 43505 --- [ool-2-thread-81] c.e.r.service.ProductQuantityService     : pool-2-thread-81-stockedQuantity:1120
2022-03-23 14:18:08.911  INFO 43505 --- [ool-2-thread-82] c.e.r.service.ProductQuantityService     : pool-2-thread-82-stockedQuantity:1120
2022-03-23 14:18:08.911  INFO 43505 --- [ool-2-thread-86] c.e.r.service.ProductQuantityService     : pool-2-thread-86-stockedQuantity:1120
2022-03-23 14:18:08.911  INFO 43505 --- [ol-2-thread-105] c.e.r.service.ProductQuantityService     : pool-2-thread-105-stockedQuantity:1120
2022-03-23 14:18:08.912  INFO 43505 --- [ool-2-thread-88] c.e.r.service.ProductQuantityService     : pool-2-thread-88-stockedQuantity:1120
2022-03-23 14:18:08.912  INFO 43505 --- [ool-2-thread-90] c.e.r.service.ProductQuantityService     : pool-2-thread-90-stockedQuantity:1120
2022-03-23 14:18:08.914  INFO 43505 --- [ool-2-thread-91] c.e.r.service.ProductQuantityService     : pool-2-thread-91-stockedQuantity:1120
2022-03-23 14:18:08.914  INFO 43505 --- [ool-2-thread-94] c.e.r.service.ProductQuantityService     : pool-2-thread-94-stockedQuantity:1120
2022-03-23 14:18:08.914  INFO 43505 --- [ool-2-thread-95] c.e.r.service.ProductQuantityService     : pool-2-thread-95-stockedQuantity:1120
2022-03-23 14:18:08.915  INFO 43505 --- [ol-2-thread-115] c.e.r.service.ProductQuantityService     : pool-2-thread-115-stockedQuantity:1120
2022-03-23 14:18:08.915  INFO 43505 --- [ol-2-thread-100] c.e.r.service.ProductQuantityService     : pool-2-thread-100-stockedQuantity:1120
2022-03-23 14:18:08.914  INFO 43505 --- [ol-2-thread-110] c.e.r.service.ProductQuantityService     : pool-2-thread-110-stockedQuantity:1120
2022-03-23 14:18:08.915  INFO 43505 --- [ol-2-thread-101] c.e.r.service.ProductQuantityService     : pool-2-thread-101-stockedQuantity:1120
2022-03-23 14:18:08.915  INFO 43505 --- [ol-2-thread-116] c.e.r.service.ProductQuantityService     : pool-2-thread-116-stockedQuantity:1120
2022-03-23 14:18:08.916  INFO 43505 --- [ool-2-thread-79] c.e.r.service.ProductQuantityService     : pool-2-thread-79-stockedQuantity:1120
2022-03-23 14:18:08.916  INFO 43505 --- [ool-2-thread-84] c.e.r.service.ProductQuantityService     : pool-2-thread-84-stockedQuantity:1120
2022-03-23 14:18:08.916  INFO 43505 --- [ol-2-thread-104] c.e.r.service.ProductQuantityService     : pool-2-thread-104-stockedQuantity:1120
2022-03-23 14:18:08.916  INFO 43505 --- [ool-2-thread-87] c.e.r.service.ProductQuantityService     : pool-2-thread-87-stockedQuantity:1120
2022-03-23 14:18:08.916  INFO 43505 --- [ol-2-thread-108] c.e.r.service.ProductQuantityService     : pool-2-thread-108-stockedQuantity:1120
]]></system-out>
  <system-err><![CDATA[Exception in thread "pool-2-thread-14" java.lang.IllegalStateException: [판매수량 오버]
	at com.example.redis.service.ProductQuantityService.procBuyIncrement(ProductQuantityService.java:80)
	at com.example.redis.service.ProductQuantityServiceTest.lambda$procBuyIncrement_multiTest$2(ProductQuantityServiceTest.java:108)
	at java.base/java.util.concurrent.ThreadPoolExecutor.runWorker(ThreadPoolExecutor.java:1136)
	at java.base/java.util.concurrent.ThreadPoolExecutor$Worker.run(ThreadPoolExecutor.java:635)
	at java.base/java.lang.Thread.run(Thread.java:833)
Exception in thread "pool-2-thread-7" java.lang.IllegalStateException: [판매수량 오버]
	at com.example.redis.service.ProductQuantityService.procBuyIncrement(ProductQuantityService.java:80)
	at com.example.redis.service.ProductQuantityServiceTest.lambda$procBuyIncrement_multiTest$2(ProductQuantityServiceTest.java:108)
	at java.base/java.util.concurrent.ThreadPoolExecutor.runWorker(ThreadPoolExecutor.java:1136)
	at java.base/java.util.concurrent.ThreadPoolExecutor$Worker.run(ThreadPoolExecutor.java:635)
	at java.base/java.lang.Thread.run(Thread.java:833)
Exception in thread "pool-2-thread-15" java.lang.IllegalStateException: [판매수량 오버]
	at com.example.redis.service.ProductQuantityService.procBuyIncrement(ProductQuantityService.java:80)
	at com.example.redis.service.ProductQuantityServiceTest.lambda$procBuyIncrement_multiTest$2(ProductQuantityServiceTest.java:108)
	at java.base/java.util.concurrent.ThreadPoolExecutor.runWorker(ThreadPoolExecutor.java:1136)
	at java.base/java.util.concurrent.ThreadPoolExecutor$Worker.run(ThreadPoolExecutor.java:635)
	at java.base/java.lang.Thread.run(Thread.java:833)
Exception in thread "pool-2-thread-24" java.lang.IllegalStateException: [제고부족]
	at com.example.redis.service.ProductQuantityService.procBuyIncrement(ProductQuantityService.java:71)
	at com.example.redis.service.ProductQuantityServiceTest.lambda$procBuyIncrement_multiTest$2(ProductQuantityServiceTest.java:108)
	at java.base/java.util.concurrent.ThreadPoolExecutor.runWorker(ThreadPoolExecutor.java:1136)
	at java.base/java.util.concurrent.ThreadPoolExecutor$Worker.run(ThreadPoolExecutor.java:635)
	at java.base/java.lang.Thread.run(Thread.java:833)
Exception in thread "pool-2-thread-18" java.lang.IllegalStateException: [판매수량 오버]
	at com.example.redis.service.ProductQuantityService.procBuyIncrement(ProductQuantityService.java:80)
	at com.example.redis.service.ProductQuantityServiceTest.lambda$procBuyIncrement_multiTest$2(ProductQuantityServiceTest.java:108)
	at java.base/java.util.concurrent.ThreadPoolExecutor.runWorker(ThreadPoolExecutor.java:1136)
	at java.base/java.util.concurrent.ThreadPoolExecutor$Worker.run(ThreadPoolExecutor.java:635)
	at java.base/java.lang.Thread.run(Thread.java:833)
Exception in thread "pool-2-thread-3" java.lang.IllegalStateException: [제고부족]
	at com.example.redis.service.ProductQuantityService.procBuyIncrement(ProductQuantityService.java:71)
	at com.example.redis.service.ProductQuantityServiceTest.lambda$procBuyIncrement_multiTest$2(ProductQuantityServiceTest.java:108)
	at java.base/java.util.concurrent.ThreadPoolExecutor.runWorker(ThreadPoolExecutor.java:1136)
	at java.base/java.util.concurrent.ThreadPoolExecutor$Worker.run(ThreadPoolExecutor.java:635)
	at java.base/java.lang.Thread.run(Thread.java:833)
Exception in thread "pool-2-thread-16" java.lang.IllegalStateException: [제고부족]
	at com.example.redis.service.ProductQuantityService.procBuyIncrement(ProductQuantityService.java:71)
	at com.example.redis.service.ProductQuantityServiceTest.lambda$procBuyIncrement_multiTest$2(ProductQuantityServiceTest.java:108)
	at java.base/java.util.concurrent.ThreadPoolExecutor.runWorker(ThreadPoolExecutor.java:1136)
	at java.base/java.util.concurrent.ThreadPoolExecutor$Worker.run(ThreadPoolExecutor.java:635)
	at java.base/java.lang.Thread.run(Thread.java:833)
Exception in thread "pool-2-thread-4" java.lang.IllegalStateException: [제고부족]
	at com.example.redis.service.ProductQuantityService.procBuyIncrement(ProductQuantityService.java:71)
	at com.example.redis.service.ProductQuantityServiceTest.lambda$procBuyIncrement_multiTest$2(ProductQuantityServiceTest.java:108)
	at java.base/java.util.concurrent.ThreadPoolExecutor.runWorker(ThreadPoolExecutor.java:1136)
	at java.base/java.util.concurrent.ThreadPoolExecutor$Worker.run(ThreadPoolExecutor.java:635)
	at java.base/java.lang.Thread.run(Thread.java:833)
Exception in thread "pool-2-thread-28" java.lang.IllegalStateException: [제고부족]
	at com.example.redis.service.ProductQuantityService.procBuyIncrement(ProductQuantityService.java:71)
	at com.example.redis.service.ProductQuantityServiceTest.lambda$procBuyIncrement_multiTest$2(ProductQuantityServiceTest.java:108)
	at java.base/java.util.concurrent.ThreadPoolExecutor.runWorker(ThreadPoolExecutor.java:1136)
	at java.base/java.util.concurrent.ThreadPoolExecutor$Worker.run(ThreadPoolExecutor.java:635)
	at java.base/java.lang.Thread.run(Thread.java:833)
Exception in thread "pool-2-thread-34" java.lang.IllegalStateException: [제고부족]
	at com.example.redis.service.ProductQuantityService.procBuyIncrement(ProductQuantityService.java:71)
	at com.example.redis.service.ProductQuantityServiceTest.lambda$procBuyIncrement_multiTest$2(ProductQuantityServiceTest.java:108)
	at java.base/java.util.concurrent.ThreadPoolExecutor.runWorker(ThreadPoolExecutor.java:1136)
	at java.base/java.util.concurrent.ThreadPoolExecutor$Worker.run(ThreadPoolExecutor.java:635)
	at java.base/java.lang.Thread.run(Thread.java:833)
Exception in thread "pool-2-thread-20" java.lang.IllegalStateException: [제고부족]
	at com.example.redis.service.ProductQuantityService.procBuyIncrement(ProductQuantityService.java:71)
	at com.example.redis.service.ProductQuantityServiceTest.lambda$procBuyIncrement_multiTest$2(ProductQuantityServiceTest.java:108)
	at java.base/java.util.concurrent.ThreadPoolExecutor.runWorker(ThreadPoolExecutor.java:1136)
	at java.base/java.util.concurrent.ThreadPoolExecutor$Worker.run(ThreadPoolExecutor.java:635)
	at java.base/java.lang.Thread.run(Thread.java:833)
Exception in thread "pool-2-thread-52" java.lang.IllegalStateException: [제고부족]
	at com.example.redis.service.ProductQuantityService.procBuyIncrement(ProductQuantityService.java:71)
	at com.example.redis.service.ProductQuantityServiceTest.lambda$procBuyIncrement_multiTest$2(ProductQuantityServiceTest.java:108)
	at java.base/java.util.concurrent.ThreadPoolExecutor.runWorker(ThreadPoolExecutor.java:1136)
	at java.base/java.util.concurrent.ThreadPoolExecutor$Worker.run(ThreadPoolExecutor.java:635)
	at java.base/java.lang.Thread.run(Thread.java:833)
Exception in thread "pool-2-thread-13" java.lang.IllegalStateException: [판매수량 오버]
	at com.example.redis.service.ProductQuantityService.procBuyIncrement(ProductQuantityService.java:80)
	at com.example.redis.service.ProductQuantityServiceTest.lambda$procBuyIncrement_multiTest$2(ProductQuantityServiceTest.java:108)
	at java.base/java.util.concurrent.ThreadPoolExecutor.runWorker(ThreadPoolExecutor.java:1136)
	at java.base/java.util.concurrent.ThreadPoolExecutor$Worker.run(ThreadPoolExecutor.java:635)
	at java.base/java.lang.Thread.run(Thread.java:833)
Exception in thread "pool-2-thread-26" java.lang.IllegalStateException: [판매수량 오버]
	at com.example.redis.service.ProductQuantityService.procBuyIncrement(ProductQuantityService.java:80)
	at com.example.redis.service.ProductQuantityServiceTest.lambda$procBuyIncrement_multiTest$2(ProductQuantityServiceTest.java:108)
	at java.base/java.util.concurrent.ThreadPoolExecutor.runWorker(ThreadPoolExecutor.java:1136)
	at java.base/java.util.concurrent.ThreadPoolExecutor$Worker.run(ThreadPoolExecutor.java:635)
	at java.base/java.lang.Thread.run(Thread.java:833)
Exception in thread "pool-2-thread-8" java.lang.IllegalStateException: [제고부족]
	at com.example.redis.service.ProductQuantityService.procBuyIncrement(ProductQuantityService.java:71)
	at com.example.redis.service.ProductQuantityServiceTest.lambda$procBuyIncrement_multiTest$2(ProductQuantityServiceTest.java:108)
	at java.base/java.util.concurrent.ThreadPoolExecutor.runWorker(ThreadPoolExecutor.java:1136)
	at java.base/java.util.concurrent.ThreadPoolExecutor$Worker.run(ThreadPoolExecutor.java:635)
	at java.base/java.lang.Thread.run(Thread.java:833)
Exception in thread "pool-2-thread-6" java.lang.IllegalStateException: [제고부족]
	at com.example.redis.service.ProductQuantityService.procBuyIncrement(ProductQuantityService.java:71)
	at com.example.redis.service.ProductQuantityServiceTest.lambda$procBuyIncrement_multiTest$2(ProductQuantityServiceTest.java:108)
	at java.base/java.util.concurrent.ThreadPoolExecutor.runWorker(ThreadPoolExecutor.java:1136)
	at java.base/java.util.concurrent.ThreadPoolExecutor$Worker.run(ThreadPoolExecutor.java:635)
	at java.base/java.lang.Thread.run(Thread.java:833)
Exception in thread "pool-2-thread-35" java.lang.IllegalStateException: [제고부족]
	at com.example.redis.service.ProductQuantityService.procBuyIncrement(ProductQuantityService.java:71)
	at com.example.redis.service.ProductQuantityServiceTest.lambda$procBuyIncrement_multiTest$2(ProductQuantityServiceTest.java:108)
	at java.base/java.util.concurrent.ThreadPoolExecutor.runWorker(ThreadPoolExecutor.java:1136)
	at java.base/java.util.concurrent.ThreadPoolExecutor$Worker.run(ThreadPoolExecutor.java:635)
	at java.base/java.lang.Thread.run(Thread.java:833)
Exception in thread "pool-2-thread-22" java.lang.IllegalStateException: [판매수량 오버]
	at com.example.redis.service.ProductQuantityService.procBuyIncrement(ProductQuantityService.java:80)
	at com.example.redis.service.ProductQuantityServiceTest.lambda$procBuyIncrement_multiTest$2(ProductQuantityServiceTest.java:108)
	at java.base/java.util.concurrent.ThreadPoolExecutor.runWorker(ThreadPoolExecutor.java:1136)
	at java.base/java.util.concurrent.ThreadPoolExecutor$Worker.run(ThreadPoolExecutor.java:635)
	at java.base/java.lang.Thread.run(Thread.java:833)
Exception in thread "pool-2-thread-17" java.lang.IllegalStateException: [제고부족]
	at com.example.redis.service.ProductQuantityService.procBuyIncrement(ProductQuantityService.java:71)
	at com.example.redis.service.ProductQuantityServiceTest.lambda$procBuyIncrement_multiTest$2(ProductQuantityServiceTest.java:108)
	at java.base/java.util.concurrent.ThreadPoolExecutor.runWorker(ThreadPoolExecutor.java:1136)
	at java.base/java.util.concurrent.ThreadPoolExecutor$Worker.run(ThreadPoolExecutor.java:635)
	at java.base/java.lang.Thread.run(Thread.java:833)
Exception in thread "pool-2-thread-25" java.lang.IllegalStateException: [판매수량 오버]
	at com.example.redis.service.ProductQuantityService.procBuyIncrement(ProductQuantityService.java:80)
	at com.example.redis.service.ProductQuantityServiceTest.lambda$procBuyIncrement_multiTest$2(ProductQuantityServiceTest.java:108)
	at java.base/java.util.concurrent.ThreadPoolExecutor.runWorker(ThreadPoolExecutor.java:1136)
	at java.base/java.util.concurrent.ThreadPoolExecutor$Worker.run(ThreadPoolExecutor.java:635)
	at java.base/java.lang.Thread.run(Thread.java:833)
Exception in thread "pool-2-thread-21" java.lang.IllegalStateException: [제고부족]
	at com.example.redis.service.ProductQuantityService.procBuyIncrement(ProductQuantityService.java:71)
	at com.example.redis.service.ProductQuantityServiceTest.lambda$procBuyIncrement_multiTest$2(ProductQuantityServiceTest.java:108)
	at java.base/java.util.concurrent.ThreadPoolExecutor.runWorker(ThreadPoolExecutor.java:1136)
	at java.base/java.util.concurrent.ThreadPoolExecutor$Worker.run(ThreadPoolExecutor.java:635)
	at java.base/java.lang.Thread.run(Thread.java:833)
Exception in thread "pool-2-thread-9" java.lang.IllegalStateException: [판매수량 오버]
	at com.example.redis.service.ProductQuantityService.procBuyIncrement(ProductQuantityService.java:80)
	at com.example.redis.service.ProductQuantityServiceTest.lambda$procBuyIncrement_multiTest$2(ProductQuantityServiceTest.java:108)
	at java.base/java.util.concurrent.ThreadPoolExecutor.runWorker(ThreadPoolExecutor.java:1136)
	at java.base/java.util.concurrent.ThreadPoolExecutor$Worker.run(ThreadPoolExecutor.java:635)
	at java.base/java.lang.Thread.run(Thread.java:833)
Exception in thread "pool-2-thread-12" java.lang.IllegalStateException: [제고부족]
	at com.example.redis.service.ProductQuantityService.procBuyIncrement(ProductQuantityService.java:71)
	at com.example.redis.service.ProductQuantityServiceTest.lambda$procBuyIncrement_multiTest$2(ProductQuantityServiceTest.java:108)
	at java.base/java.util.concurrent.ThreadPoolExecutor.runWorker(ThreadPoolExecutor.java:1136)
	at java.base/java.util.concurrent.ThreadPoolExecutor$Worker.run(ThreadPoolExecutor.java:635)
	at java.base/java.lang.Thread.run(Thread.java:833)
Exception in thread "pool-2-thread-60" java.lang.IllegalStateException: [제고부족]
	at com.example.redis.service.ProductQuantityService.procBuyIncrement(ProductQuantityService.java:71)
	at com.example.redis.service.ProductQuantityServiceTest.lambda$procBuyIncrement_multiTest$2(ProductQuantityServiceTest.java:108)
	at java.base/java.util.concurrent.ThreadPoolExecutor.runWorker(ThreadPoolExecutor.java:1136)
	at java.base/java.util.concurrent.ThreadPoolExecutor$Worker.run(ThreadPoolExecutor.java:635)
	at java.base/java.lang.Thread.run(Thread.java:833)
Exception in thread "pool-2-thread-1" java.lang.IllegalStateException: [판매수량 오버]
	at com.example.redis.service.ProductQuantityService.procBuyIncrement(ProductQuantityService.java:80)
	at com.example.redis.service.ProductQuantityServiceTest.lambda$procBuyIncrement_multiTest$2(ProductQuantityServiceTest.java:108)
	at java.base/java.util.concurrent.ThreadPoolExecutor.runWorker(ThreadPoolExecutor.java:1136)
	at java.base/java.util.concurrent.ThreadPoolExecutor$Worker.run(ThreadPoolExecutor.java:635)
	at java.base/java.lang.Thread.run(Thread.java:833)
Exception in thread "pool-2-thread-11" java.lang.IllegalStateException: [제고부족]
	at com.example.redis.service.ProductQuantityService.procBuyIncrement(ProductQuantityService.java:71)
	at com.example.redis.service.ProductQuantityServiceTest.lambda$procBuyIncrement_multiTest$2(ProductQuantityServiceTest.java:108)
	at java.base/java.util.concurrent.ThreadPoolExecutor.runWorker(ThreadPoolExecutor.java:1136)
	at java.base/java.util.concurrent.ThreadPoolExecutor$Worker.run(ThreadPoolExecutor.java:635)
	at java.base/java.lang.Thread.run(Thread.java:833)
Exception in thread "pool-2-thread-2" java.lang.IllegalStateException: [판매수량 오버]
	at com.example.redis.service.ProductQuantityService.procBuyIncrement(ProductQuantityService.java:80)
	at com.example.redis.service.ProductQuantityServiceTest.lambda$procBuyIncrement_multiTest$2(ProductQuantityServiceTest.java:108)
	at java.base/java.util.concurrent.ThreadPoolExecutor.runWorker(ThreadPoolExecutor.java:1136)
	at java.base/java.util.concurrent.ThreadPoolExecutor$Worker.run(ThreadPoolExecutor.java:635)
	at java.base/java.lang.Thread.run(Thread.java:833)
Exception in thread "pool-2-thread-55" java.lang.IllegalStateException: [제고부족]
	at com.example.redis.service.ProductQuantityService.procBuyIncrement(ProductQuantityService.java:71)
	at com.example.redis.service.ProductQuantityServiceTest.lambda$procBuyIncrement_multiTest$2(ProductQuantityServiceTest.java:108)
	at java.base/java.util.concurrent.ThreadPoolExecutor.runWorker(ThreadPoolExecutor.java:1136)
[...]
	at java.base/java.lang.Thread.run(Thread.java:833)
Exception in thread "pool-2-thread-88" java.lang.IllegalStateException: [제고부족]
	at com.example.redis.service.ProductQuantityService.procBuyIncrement(ProductQuantityService.java:71)
	at com.example.redis.service.ProductQuantityServiceTest.lambda$procBuyIncrement_multiTest$2(ProductQuantityServiceTest.java:108)
	at java.base/java.util.concurrent.ThreadPoolExecutor.runWorker(ThreadPoolExecutor.java:1136)
	at java.base/java.util.concurrent.ThreadPoolExecutor$Worker.run(ThreadPoolExecutor.java:635)
	at java.base/java.lang.Thread.run(Thread.java:833)
Exception in thread "pool-2-thread-39" java.lang.IllegalStateException: [제고부족]
	at com.example.redis.service.ProductQuantityService.procBuyIncrement(ProductQuantityService.java:71)
	at com.example.redis.service.ProductQuantityServiceTest.lambda$procBuyIncrement_multiTest$2(ProductQuantityServiceTest.java:108)
	at java.base/java.util.concurrent.ThreadPoolExecutor.runWorker(ThreadPoolExecutor.java:1136)
	at java.base/java.util.concurrent.ThreadPoolExecutor$Worker.run(ThreadPoolExecutor.java:635)
	at java.base/java.lang.Thread.run(Thread.java:833)
Exception in thread "pool-2-thread-89" java.lang.IllegalStateException: [제고부족]
	at com.example.redis.service.ProductQuantityService.procBuyIncrement(ProductQuantityService.java:71)
	at com.example.redis.service.ProductQuantityServiceTest.lambda$procBuyIncrement_multiTest$2(ProductQuantityServiceTest.java:108)
	at java.base/java.util.concurrent.ThreadPoolExecutor.runWorker(ThreadPoolExecutor.java:1136)
	at java.base/java.util.concurrent.ThreadPoolExecutor$Worker.run(ThreadPoolExecutor.java:635)
	at java.base/java.lang.Thread.run(Thread.java:833)
Exception in thread "pool-2-thread-47" java.lang.IllegalStateException: [제고부족]
	at com.example.redis.service.ProductQuantityService.procBuyIncrement(ProductQuantityService.java:71)
	at com.example.redis.service.ProductQuantityServiceTest.lambda$procBuyIncrement_multiTest$2(ProductQuantityServiceTest.java:108)
	at java.base/java.util.concurrent.ThreadPoolExecutor.runWorker(ThreadPoolExecutor.java:1136)
	at java.base/java.util.concurrent.ThreadPoolExecutor$Worker.run(ThreadPoolExecutor.java:635)
	at java.base/java.lang.Thread.run(Thread.java:833)
Exception in thread "pool-2-thread-43" java.lang.IllegalStateException: [제고부족]
	at com.example.redis.service.ProductQuantityService.procBuyIncrement(ProductQuantityService.java:71)
	at com.example.redis.service.ProductQuantityServiceTest.lambda$procBuyIncrement_multiTest$2(ProductQuantityServiceTest.java:108)
	at java.base/java.util.concurrent.ThreadPoolExecutor.runWorker(ThreadPoolExecutor.java:1136)
	at java.base/java.util.concurrent.ThreadPoolExecutor$Worker.run(ThreadPoolExecutor.java:635)
	at java.base/java.lang.Thread.run(Thread.java:833)
Exception in thread "pool-2-thread-53" java.lang.IllegalStateException: [제고부족]
	at com.example.redis.service.ProductQuantityService.procBuyIncrement(ProductQuantityService.java:71)
	at com.example.redis.service.ProductQuantityServiceTest.lambda$procBuyIncrement_multiTest$2(ProductQuantityServiceTest.java:108)
	at java.base/java.util.concurrent.ThreadPoolExecutor.runWorker(ThreadPoolExecutor.java:1136)
	at java.base/java.util.concurrent.ThreadPoolExecutor$Worker.run(ThreadPoolExecutor.java:635)
	at java.base/java.lang.Thread.run(Thread.java:833)
Exception in thread "pool-2-thread-91" java.lang.IllegalStateException: [제고부족]
	at com.example.redis.service.ProductQuantityService.procBuyIncrement(ProductQuantityService.java:71)
	at com.example.redis.service.ProductQuantityServiceTest.lambda$procBuyIncrement_multiTest$2(ProductQuantityServiceTest.java:108)
	at java.base/java.util.concurrent.ThreadPoolExecutor.runWorker(ThreadPoolExecutor.java:1136)
	at java.base/java.util.concurrent.ThreadPoolExecutor$Worker.run(ThreadPoolExecutor.java:635)
	at java.base/java.lang.Thread.run(Thread.java:833)
Exception in thread "pool-2-thread-100" java.lang.IllegalStateException: [제고부족]
	at com.example.redis.service.ProductQuantityService.procBuyIncrement(ProductQuantityService.java:71)
	at com.example.redis.service.ProductQuantityServiceTest.lambda$procBuyIncrement_multiTest$2(ProductQuantityServiceTest.java:108)
	at java.base/java.util.concurrent.ThreadPoolExecutor.runWorker(ThreadPoolExecutor.java:1136)
	at java.base/java.util.concurrent.ThreadPoolExecutor$Worker.run(ThreadPoolExecutor.java:635)
	at java.base/java.lang.Thread.run(Thread.java:833)
Exception in thread "pool-2-thread-101" java.lang.IllegalStateException: [제고부족]
	at com.example.redis.service.ProductQuantityService.procBuyIncrement(ProductQuantityService.java:71)
	at com.example.redis.service.ProductQuantityServiceTest.lambda$procBuyIncrement_multiTest$2(ProductQuantityServiceTest.java:108)
	at java.base/java.util.concurrent.ThreadPoolExecutor.runWorker(ThreadPoolExecutor.java:1136)
	at java.base/java.util.concurrent.ThreadPoolExecutor$Worker.run(ThreadPoolExecutor.java:635)
	at java.base/java.lang.Thread.run(Thread.java:833)
Exception in thread "pool-2-thread-61" java.lang.IllegalStateException: [제고부족]
	at com.example.redis.service.ProductQuantityService.procBuyIncrement(ProductQuantityService.java:71)
	at com.example.redis.service.ProductQuantityServiceTest.lambda$procBuyIncrement_multiTest$2(ProductQuantityServiceTest.java:108)
	at java.base/java.util.concurrent.ThreadPoolExecutor.runWorker(ThreadPoolExecutor.java:1136)
	at java.base/java.util.concurrent.ThreadPoolExecutor$Worker.run(ThreadPoolExecutor.java:635)
	at java.base/java.lang.Thread.run(Thread.java:833)
Exception in thread "pool-2-thread-116" java.lang.IllegalStateException: [제고부족]
	at com.example.redis.service.ProductQuantityService.procBuyIncrement(ProductQuantityService.java:71)
	at com.example.redis.service.ProductQuantityServiceTest.lambda$procBuyIncrement_multiTest$2(ProductQuantityServiceTest.java:108)
	at java.base/java.util.concurrent.ThreadPoolExecutor.runWorker(ThreadPoolExecutor.java:1136)
	at java.base/java.util.concurrent.ThreadPoolExecutor$Worker.run(ThreadPoolExecutor.java:635)
	at java.base/java.lang.Thread.run(Thread.java:833)
Exception in thread "pool-2-thread-56" java.lang.IllegalStateException: [제고부족]
	at com.example.redis.service.ProductQuantityService.procBuyIncrement(ProductQuantityService.java:71)
	at com.example.redis.service.ProductQuantityServiceTest.lambda$procBuyIncrement_multiTest$2(ProductQuantityServiceTest.java:108)
	at java.base/java.util.concurrent.ThreadPoolExecutor.runWorker(ThreadPoolExecutor.java:1136)
	at java.base/java.util.concurrent.ThreadPoolExecutor$Worker.run(ThreadPoolExecutor.java:635)
	at java.base/java.lang.Thread.run(Thread.java:833)
Exception in thread "pool-2-thread-41" java.lang.IllegalStateException: [제고부족]
	at com.example.redis.service.ProductQuantityService.procBuyIncrement(ProductQuantityService.java:71)
	at com.example.redis.service.ProductQuantityServiceTest.lambda$procBuyIncrement_multiTest$2(ProductQuantityServiceTest.java:108)
	at java.base/java.util.concurrent.ThreadPoolExecutor.runWorker(ThreadPoolExecutor.java:1136)
	at java.base/java.util.concurrent.ThreadPoolExecutor$Worker.run(ThreadPoolExecutor.java:635)
	at java.base/java.lang.Thread.run(Thread.java:833)
Exception in thread "pool-2-thread-85" java.lang.IllegalStateException: [제고부족]
	at com.example.redis.service.ProductQuantityService.procBuyIncrement(ProductQuantityService.java:71)
	at com.example.redis.service.ProductQuantityServiceTest.lambda$procBuyIncrement_multiTest$2(ProductQuantityServiceTest.java:108)
	at java.base/java.util.concurrent.ThreadPoolExecutor.runWorker(ThreadPoolExecutor.java:1136)
	at java.base/java.util.concurrent.ThreadPoolExecutor$Worker.run(ThreadPoolExecutor.java:635)
	at java.base/java.lang.Thread.run(Thread.java:833)
Exception in thread "pool-2-thread-104" java.lang.IllegalStateException: [제고부족]
	at com.example.redis.service.ProductQuantityService.procBuyIncrement(ProductQuantityService.java:71)
	at com.example.redis.service.ProductQuantityServiceTest.lambda$procBuyIncrement_multiTest$2(ProductQuantityServiceTest.java:108)
	at java.base/java.util.concurrent.ThreadPoolExecutor.runWorker(ThreadPoolExecutor.java:1136)
	at java.base/java.util.concurrent.ThreadPoolExecutor$Worker.run(ThreadPoolExecutor.java:635)
	at java.base/java.lang.Thread.run(Thread.java:833)
Exception in thread "pool-2-thread-96" java.lang.IllegalStateException: [제고부족]
	at com.example.redis.service.ProductQuantityService.procBuyIncrement(ProductQuantityService.java:71)
	at com.example.redis.service.ProductQuantityServiceTest.lambda$procBuyIncrement_multiTest$2(ProductQuantityServiceTest.java:108)
	at java.base/java.util.concurrent.ThreadPoolExecutor.runWorker(ThreadPoolExecutor.java:1136)
	at java.base/java.util.concurrent.ThreadPoolExecutor$Worker.run(ThreadPoolExecutor.java:635)
	at java.base/java.lang.Thread.run(Thread.java:833)
Exception in thread "pool-2-thread-72" java.lang.IllegalStateException: [제고부족]
	at com.example.redis.service.ProductQuantityService.procBuyIncrement(ProductQuantityService.java:71)
	at com.example.redis.service.ProductQuantityServiceTest.lambda$procBuyIncrement_multiTest$2(ProductQuantityServiceTest.java:108)
	at java.base/java.util.concurrent.ThreadPoolExecutor.runWorker(ThreadPoolExecutor.java:1136)
	at java.base/java.util.concurrent.ThreadPoolExecutor$Worker.run(ThreadPoolExecutor.java:635)
	at java.base/java.lang.Thread.run(Thread.java:833)
Exception in thread "pool-2-thread-76" java.lang.IllegalStateException: [제고부족]
	at com.example.redis.service.ProductQuantityService.procBuyIncrement(ProductQuantityService.java:71)
	at com.example.redis.service.ProductQuantityServiceTest.lambda$procBuyIncrement_multiTest$2(ProductQuantityServiceTest.java:108)
	at java.base/java.util.concurrent.ThreadPoolExecutor.runWorker(ThreadPoolExecutor.java:1136)
	at java.base/java.util.concurrent.ThreadPoolExecutor$Worker.run(ThreadPoolExecutor.java:635)
	at java.base/java.lang.Thread.run(Thread.java:833)
Exception in thread "pool-2-thread-95" java.lang.IllegalStateException: [제고부족]
	at com.example.redis.service.ProductQuantityService.procBuyIncrement(ProductQuantityService.java:71)
	at com.example.redis.service.ProductQuantityServiceTest.lambda$procBuyIncrement_multiTest$2(ProductQuantityServiceTest.java:108)
	at java.base/java.util.concurrent.ThreadPoolExecutor.runWorker(ThreadPoolExecutor.java:1136)
	at java.base/java.util.concurrent.ThreadPoolExecutor$Worker.run(ThreadPoolExecutor.java:635)
	at java.base/java.lang.Thread.run(Thread.java:833)
Exception in thread "pool-2-thread-80" java.lang.IllegalStateException: [제고부족]
	at com.example.redis.service.ProductQuantityService.procBuyIncrement(ProductQuantityService.java:71)
	at com.example.redis.service.ProductQuantityServiceTest.lambda$procBuyIncrement_multiTest$2(ProductQuantityServiceTest.java:108)
	at java.base/java.util.concurrent.ThreadPoolExecutor.runWorker(ThreadPoolExecutor.java:1136)
	at java.base/java.util.concurrent.ThreadPoolExecutor$Worker.run(ThreadPoolExecutor.java:635)
	at java.base/java.lang.Thread.run(Thread.java:833)
Exception in thread "pool-2-thread-81" java.lang.IllegalStateException: [제고부족]
	at com.example.redis.service.ProductQuantityService.procBuyIncrement(ProductQuantityService.java:71)
	at com.example.redis.service.ProductQuantityServiceTest.lambda$procBuyIncrement_multiTest$2(ProductQuantityServiceTest.java:108)
	at java.base/java.util.concurrent.ThreadPoolExecutor.runWorker(ThreadPoolExecutor.java:1136)
	at java.base/java.util.concurrent.ThreadPoolExecutor$Worker.run(ThreadPoolExecutor.java:635)
	at java.base/java.lang.Thread.run(Thread.java:833)
Exception in thread "pool-2-thread-82" java.lang.IllegalStateException: [제고부족]
	at com.example.redis.service.ProductQuantityService.procBuyIncrement(ProductQuantityService.java:71)
	at com.example.redis.service.ProductQuantityServiceTest.lambda$procBuyIncrement_multiTest$2(ProductQuantityServiceTest.java:108)
	at java.base/java.util.concurrent.ThreadPoolExecutor.runWorker(ThreadPoolExecutor.java:1136)
	at java.base/java.util.concurrent.ThreadPoolExecutor$Worker.run(ThreadPoolExecutor.java:635)
	at java.base/java.lang.Thread.run(Thread.java:833)
Exception in thread "pool-2-thread-110" java.lang.IllegalStateException: [제고부족]
	at com.example.redis.service.ProductQuantityService.procBuyIncrement(ProductQuantityService.java:71)
	at com.example.redis.service.ProductQuantityServiceTest.lambda$procBuyIncrement_multiTest$2(ProductQuantityServiceTest.java:108)
	at java.base/java.util.concurrent.ThreadPoolExecutor.runWorker(ThreadPoolExecutor.java:1136)
	at java.base/java.util.concurrent.ThreadPoolExecutor$Worker.run(ThreadPoolExecutor.java:635)
	at java.base/java.lang.Thread.run(Thread.java:833)
Exception in thread "pool-2-thread-74" java.lang.IllegalStateException: [제고부족]
	at com.example.redis.service.ProductQuantityService.procBuyIncrement(ProductQuantityService.java:71)
	at com.example.redis.service.ProductQuantityServiceTest.lambda$procBuyIncrement_multiTest$2(ProductQuantityServiceTest.java:108)
	at java.base/java.util.concurrent.ThreadPoolExecutor.runWorker(ThreadPoolExecutor.java:1136)
	at java.base/java.util.concurrent.ThreadPoolExecutor$Worker.run(ThreadPoolExecutor.java:635)
	at java.base/java.lang.Thread.run(Thread.java:833)
Exception in thread "pool-2-thread-90" java.lang.IllegalStateException: [제고부족]
	at com.example.redis.service.ProductQuantityService.procBuyIncrement(ProductQuantityService.java:71)
	at com.example.redis.service.ProductQuantityServiceTest.lambda$procBuyIncrement_multiTest$2(ProductQuantityServiceTest.java:108)
	at java.base/java.util.concurrent.ThreadPoolExecutor.runWorker(ThreadPoolExecutor.java:1136)
	at java.base/java.util.concurrent.ThreadPoolExecutor$Worker.run(ThreadPoolExecutor.java:635)
	at java.base/java.lang.Thread.run(Thread.java:833)
Exception in thread "pool-2-thread-79" java.lang.IllegalStateException: [제고부족]
	at com.example.redis.service.ProductQuantityService.procBuyIncrement(ProductQuantityService.java:71)
	at com.example.redis.service.ProductQuantityServiceTest.lambda$procBuyIncrement_multiTest$2(ProductQuantityServiceTest.java:108)
	at java.base/java.util.concurrent.ThreadPoolExecutor.runWorker(ThreadPoolExecutor.java:1136)
	at java.base/java.util.concurrent.ThreadPoolExecutor$Worker.run(ThreadPoolExecutor.java:635)
	at java.base/java.lang.Thread.run(Thread.java:833)
Exception in thread "pool-2-thread-84" java.lang.IllegalStateException: [제고부족]
	at com.example.redis.service.ProductQuantityService.procBuyIncrement(ProductQuantityService.java:71)
	at com.example.redis.service.ProductQuantityServiceTest.lambda$procBuyIncrement_multiTest$2(ProductQuantityServiceTest.java:108)
	at java.base/java.util.concurrent.ThreadPoolExecutor.runWorker(ThreadPoolExecutor.java:1136)
	at java.base/java.util.concurrent.ThreadPoolExecutor$Worker.run(ThreadPoolExecutor.java:635)
	at java.base/java.lang.Thread.run(Thread.java:833)
Exception in thread "pool-2-thread-108" java.lang.IllegalStateException: [제고부족]
	at com.example.redis.service.ProductQuantityService.procBuyIncrement(ProductQuantityService.java:71)
	at com.example.redis.service.ProductQuantityServiceTest.lambda$procBuyIncrement_multiTest$2(ProductQuantityServiceTest.java:108)
	at java.base/java.util.concurrent.ThreadPoolExecutor.runWorker(ThreadPoolExecutor.java:1136)
	at java.base/java.util.concurrent.ThreadPoolExecutor$Worker.run(ThreadPoolExecutor.java:635)
	at java.base/java.lang.Thread.run(Thread.java:833)
Exception in thread "pool-2-thread-65" java.lang.IllegalStateException: [제고부족]
	at com.example.redis.service.ProductQuantityService.procBuyIncrement(ProductQuantityService.java:71)
	at com.example.redis.service.ProductQuantityServiceTest.lambda$procBuyIncrement_multiTest$2(ProductQuantityServiceTest.java:108)
	at java.base/java.util.concurrent.ThreadPoolExecutor.runWorker(ThreadPoolExecutor.java:1136)
	at java.base/java.util.concurrent.ThreadPoolExecutor$Worker.run(ThreadPoolExecutor.java:635)
	at java.base/java.lang.Thread.run(Thread.java:833)
Exception in thread "pool-2-thread-115" java.lang.IllegalStateException: [제고부족]
	at com.example.redis.service.ProductQuantityService.procBuyIncrement(ProductQuantityService.java:71)
	at com.example.redis.service.ProductQuantityServiceTest.lambda$procBuyIncrement_multiTest$2(ProductQuantityServiceTest.java:108)
	at java.base/java.util.concurrent.ThreadPoolExecutor.runWorker(ThreadPoolExecutor.java:1136)
	at java.base/java.util.concurrent.ThreadPoolExecutor$Worker.run(ThreadPoolExecutor.java:635)
	at java.base/java.lang.Thread.run(Thread.java:833)
Exception in thread "pool-2-thread-32" java.lang.IllegalStateException: [제고부족]
	at com.example.redis.service.ProductQuantityService.procBuyIncrement(ProductQuantityService.java:71)
	at com.example.redis.service.ProductQuantityServiceTest.lambda$procBuyIncrement_multiTest$2(ProductQuantityServiceTest.java:108)
	at java.base/java.util.concurrent.ThreadPoolExecutor.runWorker(ThreadPoolExecutor.java:1136)
	at java.base/java.util.concurrent.ThreadPoolExecutor$Worker.run(ThreadPoolExecutor.java:635)
	at java.base/java.lang.Thread.run(Thread.java:833)
Exception in thread "pool-2-thread-68" java.lang.IllegalStateException: [제고부족]
	at com.example.redis.service.ProductQuantityService.procBuyIncrement(ProductQuantityService.java:71)
	at com.example.redis.service.ProductQuantityServiceTest.lambda$procBuyIncrement_multiTest$2(ProductQuantityServiceTest.java:108)
	at java.base/java.util.concurrent.ThreadPoolExecutor.runWorker(ThreadPoolExecutor.java:1136)
	at java.base/java.util.concurrent.ThreadPoolExecutor$Worker.run(ThreadPoolExecutor.java:635)
	at java.base/java.lang.Thread.run(Thread.java:833)
Exception in thread "pool-2-thread-87" java.lang.IllegalStateException: [제고부족]
	at com.example.redis.service.ProductQuantityService.procBuyIncrement(ProductQuantityService.java:71)
	at com.example.redis.service.ProductQuantityServiceTest.lambda$procBuyIncrement_multiTest$2(ProductQuantityServiceTest.java:108)
	at java.base/java.util.concurrent.ThreadPoolExecutor.runWorker(ThreadPoolExecutor.java:1136)
	at java.base/java.util.concurrent.ThreadPoolExecutor$Worker.run(ThreadPoolExecutor.java:635)
	at java.base/java.lang.Thread.run(Thread.java:833)
Exception in thread "pool-2-thread-99" java.lang.IllegalStateException: [제고부족]
	at com.example.redis.service.ProductQuantityService.procBuyIncrement(ProductQuantityService.java:71)
	at com.example.redis.service.ProductQuantityServiceTest.lambda$procBuyIncrement_multiTest$2(ProductQuantityServiceTest.java:108)
	at java.base/java.util.concurrent.ThreadPoolExecutor.runWorker(ThreadPoolExecutor.java:1136)
	at java.base/java.util.concurrent.ThreadPoolExecutor$Worker.run(ThreadPoolExecutor.java:635)
	at java.base/java.lang.Thread.run(Thread.java:833)
Exception in thread "pool-2-thread-94" java.lang.IllegalStateException: [제고부족]
	at com.example.redis.service.ProductQuantityService.procBuyIncrement(ProductQuantityService.java:71)
	at com.example.redis.service.ProductQuantityServiceTest.lambda$procBuyIncrement_multiTest$2(ProductQuantityServiceTest.java:108)
	at java.base/java.util.concurrent.ThreadPoolExecutor.runWorker(ThreadPoolExecutor.java:1136)
	at java.base/java.util.concurrent.ThreadPoolExecutor$Worker.run(ThreadPoolExecutor.java:635)
	at java.base/java.lang.Thread.run(Thread.java:833)
Exception in thread "pool-2-thread-86" java.lang.IllegalStateException: [제고부족]
	at com.example.redis.service.ProductQuantityService.procBuyIncrement(ProductQuantityService.java:71)
	at com.example.redis.service.ProductQuantityServiceTest.lambda$procBuyIncrement_multiTest$2(ProductQuantityServiceTest.java:108)
	at java.base/java.util.concurrent.ThreadPoolExecutor.runWorker(ThreadPoolExecutor.java:1136)
	at java.base/java.util.concurrent.ThreadPoolExecutor$Worker.run(ThreadPoolExecutor.java:635)
	at java.base/java.lang.Thread.run(Thread.java:833)
]]></system-err>
</testsuite>
